{"/home/travis/build/npmtest/node-npmtest-fs-jetpack/test.js":{"path":"/home/travis/build/npmtest/node-npmtest-fs-jetpack/test.js","s":{"1":2,"2":2,"3":2,"4":2,"5":2,"6":2,"7":2,"8":1,"9":2,"10":2,"11":1,"12":1,"13":1,"14":1,"15":2,"16":2,"17":2,"18":2,"19":1,"20":1,"21":2,"22":2,"23":2,"24":1,"25":1,"26":1,"27":1,"28":1,"29":1,"30":1,"31":1,"32":1,"33":1,"34":1,"35":1,"36":1,"37":1,"38":1,"39":2,"40":2,"41":1,"42":2,"43":2,"44":1,"45":2,"46":2,"47":1,"48":2,"49":2,"50":1,"51":1,"52":1,"53":1,"54":1},"b":{"1":[2,1,1,1],"2":[1,1,1,1],"3":[1,1],"4":[1,1],"5":[1,1],"6":[1,1],"7":[1,1],"8":[1,1],"9":[1,1],"10":[1,1,1],"11":[1,1],"12":[1,1],"13":[1,1],"14":[1,1],"15":[1,1],"16":[1,1],"17":[1,1]},"f":{"1":2,"2":2,"3":2,"4":2,"5":2,"6":1,"7":1,"8":1,"9":2,"10":2,"11":2,"12":2,"13":1},"fnMap":{"1":{"name":"(anonymous_1)","line":12,"loc":{"start":{"line":12,"column":1},"end":{"line":12,"column":13}}},"2":{"name":"(anonymous_2)","line":19,"loc":{"start":{"line":19,"column":5},"end":{"line":19,"column":17}}},"3":{"name":"(anonymous_3)","line":23,"loc":{"start":{"line":23,"column":24},"end":{"line":23,"column":36}}},"4":{"name":"(anonymous_4)","line":61,"loc":{"start":{"line":61,"column":5},"end":{"line":61,"column":17}}},"5":{"name":"(anonymous_5)","line":82,"loc":{"start":{"line":82,"column":5},"end":{"line":82,"column":17}}},"6":{"name":"(anonymous_6)","line":91,"loc":{"start":{"line":91,"column":77},"end":{"line":94,"column":10}}},"7":{"name":"(anonymous_7)","line":112,"loc":{"start":{"line":112,"column":83},"end":{"line":115,"column":10}},"skip":true},"8":{"name":"(anonymous_8)","line":123,"loc":{"start":{"line":123,"column":77},"end":{"line":126,"column":10}},"skip":true},"9":{"name":"(anonymous_9)","line":139,"loc":{"start":{"line":139,"column":12},"end":{"line":139,"column":40}},"skip":true},"10":{"name":"(anonymous_10)","line":147,"loc":{"start":{"line":147,"column":77},"end":{"line":150,"column":10}},"skip":true},"11":{"name":"(anonymous_11)","line":158,"loc":{"start":{"line":158,"column":83},"end":{"line":161,"column":10}},"skip":true},"12":{"name":"(anonymous_12)","line":169,"loc":{"start":{"line":169,"column":79},"end":{"line":172,"column":10}},"skip":true},"13":{"name":"(anonymous_13)","line":180,"loc":{"start":{"line":180,"column":75},"end":{"line":183,"column":10}},"skip":true}},"statementMap":{"1":{"start":{"line":12,"column":0},"end":{"line":195,"column":5}},"2":{"start":{"line":14,"column":4},"end":{"line":14,"column":14}},"3":{"start":{"line":19,"column":4},"end":{"line":56,"column":9}},"4":{"start":{"line":21,"column":8},"end":{"line":21,"column":19}},"5":{"start":{"line":23,"column":8},"end":{"line":35,"column":13}},"6":{"start":{"line":24,"column":12},"end":{"line":34,"column":13}},"7":{"start":{"line":25,"column":16},"end":{"line":28,"column":30}},"8":{"start":{"line":30,"column":16},"end":{"line":33,"column":27}},"9":{"start":{"line":37,"column":8},"end":{"line":39,"column":21}},"10":{"start":{"line":40,"column":8},"end":{"line":53,"column":9}},"11":{"start":{"line":43,"column":12},"end":{"line":46,"column":14}},"12":{"start":{"line":47,"column":12},"end":{"line":47,"column":18}},"13":{"start":{"line":50,"column":12},"end":{"line":51,"column":33}},"14":{"start":{"line":52,"column":12},"end":{"line":52,"column":18}},"15":{"start":{"line":55,"column":8},"end":{"line":55,"column":35}},"16":{"start":{"line":61,"column":4},"end":{"line":63,"column":9}},"17":{"start":{"line":62,"column":8},"end":{"line":62,"column":15}},"18":{"start":{"line":64,"column":4},"end":{"line":77,"column":5}},"19":{"start":{"line":70,"column":8},"end":{"line":70,"column":14}},"20":{"start":{"line":76,"column":8},"end":{"line":76,"column":14}},"21":{"start":{"line":82,"column":4},"end":{"line":84,"column":9}},"22":{"start":{"line":83,"column":8},"end":{"line":83,"column":15}},"23":{"start":{"line":85,"column":4},"end":{"line":194,"column":5}},"24":{"start":{"line":91,"column":8},"end":{"line":99,"column":10}},"25":{"start":{"line":98,"column":12},"end":{"line":98,"column":35}},"26":{"start":{"line":102,"column":8},"end":{"line":104,"column":63}},"27":{"start":{"line":105,"column":8},"end":{"line":105,"column":14}},"28":{"start":{"line":112,"column":8},"end":{"line":121,"column":10},"skip":true},"29":{"start":{"line":119,"column":12},"end":{"line":119,"column":55},"skip":true},"30":{"start":{"line":120,"column":12},"end":{"line":120,"column":48},"skip":true},"31":{"start":{"line":123,"column":8},"end":{"line":136,"column":10},"skip":true},"32":{"start":{"line":130,"column":12},"end":{"line":130,"column":76},"skip":true},"33":{"start":{"line":131,"column":12},"end":{"line":131,"column":73},"skip":true},"34":{"start":{"line":132,"column":12},"end":{"line":132,"column":74},"skip":true},"35":{"start":{"line":133,"column":12},"end":{"line":133,"column":79},"skip":true},"36":{"start":{"line":134,"column":12},"end":{"line":134,"column":25},"skip":true},"37":{"start":{"line":135,"column":12},"end":{"line":135,"column":45},"skip":true},"38":{"start":{"line":138,"column":8},"end":{"line":145,"column":14},"skip":true},"39":{"start":{"line":143,"column":16},"end":{"line":143,"column":29},"skip":true},"40":{"start":{"line":144,"column":16},"end":{"line":144,"column":55},"skip":true},"41":{"start":{"line":147,"column":8},"end":{"line":156,"column":10},"skip":true},"42":{"start":{"line":154,"column":12},"end":{"line":154,"column":25},"skip":true},"43":{"start":{"line":155,"column":12},"end":{"line":155,"column":45},"skip":true},"44":{"start":{"line":158,"column":8},"end":{"line":167,"column":10},"skip":true},"45":{"start":{"line":165,"column":12},"end":{"line":165,"column":25},"skip":true},"46":{"start":{"line":166,"column":12},"end":{"line":166,"column":48},"skip":true},"47":{"start":{"line":169,"column":8},"end":{"line":178,"column":10},"skip":true},"48":{"start":{"line":176,"column":12},"end":{"line":176,"column":25},"skip":true},"49":{"start":{"line":177,"column":12},"end":{"line":177,"column":46},"skip":true},"50":{"start":{"line":180,"column":8},"end":{"line":189,"column":10},"skip":true},"51":{"start":{"line":187,"column":12},"end":{"line":187,"column":94},"skip":true},"52":{"start":{"line":188,"column":12},"end":{"line":188,"column":48},"skip":true},"53":{"start":{"line":192,"column":8},"end":{"line":192,"column":35},"skip":true},"54":{"start":{"line":193,"column":8},"end":{"line":193,"column":14},"skip":true}},"branchMap":{"1":{"line":25,"type":"binary-expr","locations":[{"start":{"line":25,"column":23},"end":{"line":25,"column":62}},{"start":{"line":26,"column":20},"end":{"line":26,"column":70}},{"start":{"line":27,"column":20},"end":{"line":27,"column":71}},{"start":{"line":28,"column":20},"end":{"line":28,"column":29}}]},"2":{"line":30,"type":"binary-expr","locations":[{"start":{"line":30,"column":23},"end":{"line":30,"column":37}},{"start":{"line":31,"column":20},"end":{"line":31,"column":61}},{"start":{"line":32,"column":20},"end":{"line":32,"column":70}},{"start":{"line":33,"column":20},"end":{"line":33,"column":26}}]},"3":{"line":37,"type":"cond-expr","locations":[{"start":{"line":38,"column":14},"end":{"line":38,"column":20}},{"start":{"line":39,"column":14},"end":{"line":39,"column":20}}]},"4":{"line":40,"type":"switch","locations":[{"start":{"line":42,"column":8},"end":{"line":47,"column":18}},{"start":{"line":49,"column":8},"end":{"line":52,"column":18}}]},"5":{"line":44,"type":"binary-expr","locations":[{"start":{"line":44,"column":16},"end":{"line":44,"column":44}},{"start":{"line":44,"column":48},"end":{"line":44,"column":66}}]},"6":{"line":50,"type":"binary-expr","locations":[{"start":{"line":50,"column":21},"end":{"line":50,"column":49}},{"start":{"line":50,"column":53},"end":{"line":50,"column":72}}]},"7":{"line":64,"type":"switch","locations":[{"start":{"line":69,"column":4},"end":{"line":70,"column":14}},{"start":{"line":75,"column":4},"end":{"line":76,"column":14}}]},"8":{"line":85,"type":"switch","locations":[{"start":{"line":90,"column":4},"end":{"line":105,"column":14}},{"start":{"line":111,"column":4},"end":{"line":193,"column":14},"skip":true}]},"9":{"line":91,"type":"binary-expr","locations":[{"start":{"line":91,"column":42},"end":{"line":91,"column":73}},{"start":{"line":91,"column":77},"end":{"line":99,"column":9}}]},"10":{"line":102,"type":"binary-expr","locations":[{"start":{"line":102,"column":18},"end":{"line":102,"column":32}},{"start":{"line":103,"column":12},"end":{"line":103,"column":53}},{"start":{"line":104,"column":12},"end":{"line":104,"column":61}}]},"11":{"line":112,"type":"binary-expr","locations":[{"start":{"line":112,"column":45},"end":{"line":112,"column":79},"skip":true},{"start":{"line":112,"column":83},"end":{"line":121,"column":9},"skip":true}]},"12":{"line":123,"type":"binary-expr","locations":[{"start":{"line":123,"column":42},"end":{"line":123,"column":73},"skip":true},{"start":{"line":123,"column":77},"end":{"line":136,"column":9},"skip":true}]},"13":{"line":138,"type":"binary-expr","locations":[{"start":{"line":138,"column":48},"end":{"line":138,"column":85},"skip":true},{"start":{"line":139,"column":12},"end":{"line":145,"column":13},"skip":true}]},"14":{"line":147,"type":"binary-expr","locations":[{"start":{"line":147,"column":42},"end":{"line":147,"column":73},"skip":true},{"start":{"line":147,"column":77},"end":{"line":156,"column":9},"skip":true}]},"15":{"line":158,"type":"binary-expr","locations":[{"start":{"line":158,"column":45},"end":{"line":158,"column":79},"skip":true},{"start":{"line":158,"column":83},"end":{"line":167,"column":9},"skip":true}]},"16":{"line":169,"type":"binary-expr","locations":[{"start":{"line":169,"column":43},"end":{"line":169,"column":75},"skip":true},{"start":{"line":169,"column":79},"end":{"line":178,"column":9},"skip":true}]},"17":{"line":180,"type":"binary-expr","locations":[{"start":{"line":180,"column":41},"end":{"line":180,"column":71},"skip":true},{"start":{"line":180,"column":75},"end":{"line":189,"column":9},"skip":true}]}},"code":["/* istanbul instrument in package npmtest_fs_jetpack */","/*jslint","    bitwise: true,","    browser: true,","    maxerr: 8,","    maxlen: 96,","    node: true,","    nomen: true,","    regexp: true,","    stupid: true","*/","(function () {","    'use strict';","    var local;","","","","    // run shared js-env code - pre-init","    (function () {","        // init local","        local = {};","        // init modeJs","        local.modeJs = (function () {","            try {","                return typeof navigator.userAgent === 'string' &&","                    typeof document.querySelector('body') === 'object' &&","                    typeof XMLHttpRequest.prototype.open === 'function' &&","                    'browser';","            } catch (errorCaughtBrowser) {","                return module.exports &&","                    typeof process.versions.node === 'string' &&","                    typeof require('http').createServer === 'function' &&","                    'node';","            }","        }());","        // init global","        local.global = local.modeJs === 'browser'","            ? window","            : global;","        switch (local.modeJs) {","        // re-init local from window.local","        case 'browser':","            local = local.global.utility2.objectSetDefault(","                local.global.utility2_rollup || local.global.local,","                local.global.utility2","            );","            break;","        // re-init local from example.js","        case 'node':","            local = (local.global.utility2_rollup || require('utility2'))","                .requireReadme();","            break;","        }","        // export local","        local.global.local = local;","    }());","","","","    // run shared js-env code - function","    (function () {","        return;","    }());","    switch (local.modeJs) {","","","","    // run browser js-env code - function","    case 'browser':","        break;","","","","    // run node js-env code - function","    case 'node':","        break;","    }","","","","    // run shared js-env code - post-init","    (function () {","        return;","    }());","    switch (local.modeJs) {","","","","    // run browser js-env code - post-init","    case 'browser':","        local.testCase_browser_nullCase = local.testCase_browser_nullCase || function (","            options,","            onError","        ) {","        /*","         * this function will test browsers's null-case handling-behavior-behavior","         */","            onError(null, options);","        };","","        // run tests","        local.nop(local.modeTest &&","            document.querySelector('#testRunButton1') &&","            document.querySelector('#testRunButton1').click());","        break;","","","","    // run node js-env code - post-init","    /* istanbul ignore next */","    case 'node':","        local.testCase_buildApidoc_default = local.testCase_buildApidoc_default || function (","            options,","            onError","        ) {","        /*","         * this function will test buildApidoc's default handling-behavior-behavior","         */","            options = { modulePathList: module.paths };","            local.buildApidoc(options, onError);","        };","","        local.testCase_buildApp_default = local.testCase_buildApp_default || function (","            options,","            onError","        ) {","        /*","         * this function will test buildApp's default handling-behavior-behavior","         */","            local.testCase_buildReadme_default(options, local.onErrorThrow);","            local.testCase_buildLib_default(options, local.onErrorThrow);","            local.testCase_buildTest_default(options, local.onErrorThrow);","            local.testCase_buildCustomOrg_default(options, local.onErrorThrow);","            options = [];","            local.buildApp(options, onError);","        };","","        local.testCase_buildCustomOrg_default = local.testCase_buildCustomOrg_default ||","            function (options, onError) {","            /*","             * this function will test buildCustomOrg's default handling-behavior","             */","                options = {};","                local.buildCustomOrg(options, onError);","            };","","        local.testCase_buildLib_default = local.testCase_buildLib_default || function (","            options,","            onError","        ) {","        /*","         * this function will test buildLib's default handling-behavior","         */","            options = {};","            local.buildLib(options, onError);","        };","","        local.testCase_buildReadme_default = local.testCase_buildReadme_default || function (","            options,","            onError","        ) {","        /*","         * this function will test buildReadme's default handling-behavior-behavior","         */","            options = {};","            local.buildReadme(options, onError);","        };","","        local.testCase_buildTest_default = local.testCase_buildTest_default || function (","            options,","            onError","        ) {","        /*","         * this function will test buildTest's default handling-behavior","         */","            options = {};","            local.buildTest(options, onError);","        };","","        local.testCase_webpage_default = local.testCase_webpage_default || function (","            options,","            onError","        ) {","        /*","         * this function will test webpage's default handling-behavior","         */","            options = { modeCoverageMerge: true, url: local.serverLocalHost + '?modeTest=1' };","            local.browserTest(options, onError);","        };","","        // run test-server","        local.testRunServer(local);","        break;","    }","}());",""],"l":{"12":2,"14":2,"19":2,"21":2,"23":2,"24":2,"25":2,"30":1,"37":2,"40":2,"43":1,"47":1,"50":1,"52":1,"55":2,"61":2,"62":2,"64":2,"70":1,"76":1,"82":2,"83":2,"85":2,"91":1,"98":1,"102":1,"105":1,"112":1,"119":1,"120":1,"123":1,"130":1,"131":1,"132":1,"133":1,"134":1,"135":1,"138":1,"143":2,"144":2,"147":1,"154":2,"155":2,"158":1,"165":2,"166":2,"169":1,"176":2,"177":2,"180":1,"187":1,"188":1,"192":1,"193":1}},"/home/travis/build/npmtest/node-npmtest-fs-jetpack/lib.npmtest_fs_jetpack.js":{"path":"/home/travis/build/npmtest/node-npmtest-fs-jetpack/lib.npmtest_fs_jetpack.js","s":{"1":2,"2":2,"3":2,"4":2,"5":2,"6":2,"7":2,"8":1,"9":2,"10":2,"11":2,"12":2,"13":1,"14":1,"15":1,"16":1},"b":{"1":[2,1,1,1],"2":[1,1,1,1],"3":[1,1],"4":[2,2],"5":[1,1]},"f":{"1":2,"2":2,"3":2},"fnMap":{"1":{"name":"(anonymous_1)","line":12,"loc":{"start":{"line":12,"column":1},"end":{"line":12,"column":13}}},"2":{"name":"(anonymous_2)","line":19,"loc":{"start":{"line":19,"column":5},"end":{"line":19,"column":17}}},"3":{"name":"(anonymous_3)","line":23,"loc":{"start":{"line":23,"column":24},"end":{"line":23,"column":36}}}},"statementMap":{"1":{"start":{"line":12,"column":0},"end":{"line":53,"column":5}},"2":{"start":{"line":14,"column":4},"end":{"line":14,"column":14}},"3":{"start":{"line":19,"column":4},"end":{"line":52,"column":9}},"4":{"start":{"line":21,"column":8},"end":{"line":21,"column":19}},"5":{"start":{"line":23,"column":8},"end":{"line":35,"column":13}},"6":{"start":{"line":24,"column":12},"end":{"line":34,"column":13}},"7":{"start":{"line":25,"column":16},"end":{"line":28,"column":30}},"8":{"start":{"line":30,"column":16},"end":{"line":33,"column":27}},"9":{"start":{"line":37,"column":8},"end":{"line":39,"column":21}},"10":{"start":{"line":41,"column":8},"end":{"line":41,"column":54}},"11":{"start":{"line":43,"column":8},"end":{"line":43,"column":55}},"12":{"start":{"line":45,"column":8},"end":{"line":51,"column":9}},"13":{"start":{"line":46,"column":12},"end":{"line":46,"column":61}},"14":{"start":{"line":48,"column":12},"end":{"line":48,"column":35}},"15":{"start":{"line":49,"column":12},"end":{"line":49,"column":49}},"16":{"start":{"line":50,"column":12},"end":{"line":50,"column":43}}},"branchMap":{"1":{"line":25,"type":"binary-expr","locations":[{"start":{"line":25,"column":23},"end":{"line":25,"column":62}},{"start":{"line":26,"column":20},"end":{"line":26,"column":70}},{"start":{"line":27,"column":20},"end":{"line":27,"column":71}},{"start":{"line":28,"column":20},"end":{"line":28,"column":29}}]},"2":{"line":30,"type":"binary-expr","locations":[{"start":{"line":30,"column":23},"end":{"line":30,"column":37}},{"start":{"line":31,"column":20},"end":{"line":31,"column":61}},{"start":{"line":32,"column":20},"end":{"line":32,"column":70}},{"start":{"line":33,"column":20},"end":{"line":33,"column":26}}]},"3":{"line":37,"type":"cond-expr","locations":[{"start":{"line":38,"column":14},"end":{"line":38,"column":20}},{"start":{"line":39,"column":14},"end":{"line":39,"column":20}}]},"4":{"line":41,"type":"binary-expr","locations":[{"start":{"line":41,"column":16},"end":{"line":41,"column":44}},{"start":{"line":41,"column":48},"end":{"line":41,"column":53}}]},"5":{"line":45,"type":"if","locations":[{"start":{"line":45,"column":8},"end":{"line":45,"column":8}},{"start":{"line":45,"column":8},"end":{"line":45,"column":8}}]}},"code":["/* istanbul instrument in package npmtest_fs_jetpack */","/*jslint","    bitwise: true,","    browser: true,","    maxerr: 8,","    maxlen: 96,","    node: true,","    nomen: true,","    regexp: true,","    stupid: true","*/","(function () {","    'use strict';","    var local;","","","","    // run shared js-env code - pre-init","    (function () {","        // init local","        local = {};","        // init modeJs","        local.modeJs = (function () {","            try {","                return typeof navigator.userAgent === 'string' &&","                    typeof document.querySelector('body') === 'object' &&","                    typeof XMLHttpRequest.prototype.open === 'function' &&","                    'browser';","            } catch (errorCaughtBrowser) {","                return module.exports &&","                    typeof process.versions.node === 'string' &&","                    typeof require('http').createServer === 'function' &&","                    'node';","            }","        }());","        // init global","        local.global = local.modeJs === 'browser'","            ? window","            : global;","        // init utility2_rollup","        local = local.global.utility2_rollup || local;","        // init lib","        local.local = local.npmtest_fs_jetpack = local;","        // init exports","        if (local.modeJs === 'browser') {","            local.global.utility2_npmtest_fs_jetpack = local;","        } else {","            module.exports = local;","            module.exports.__dirname = __dirname;","            module.exports.module = module;","        }","    }());","}());",""],"l":{"12":2,"14":2,"19":2,"21":2,"23":2,"24":2,"25":2,"30":1,"37":2,"41":2,"43":2,"45":2,"46":1,"48":1,"49":1,"50":1}},"/home/travis/build/npmtest/node-npmtest-fs-jetpack/example.js":{"path":"/home/travis/build/npmtest/node-npmtest-fs-jetpack/example.js","s":{"1":2,"2":2,"3":2,"4":2,"5":2,"6":2,"7":2,"8":1,"9":2,"10":2,"11":2,"12":2,"13":1,"14":2,"15":2,"16":2,"17":2,"18":2,"19":0,"20":2,"21":1,"22":1,"23":1,"24":1,"25":1,"26":0,"27":0,"28":1,"29":1,"30":2,"31":0,"32":0,"33":0,"34":1,"35":2,"36":2,"37":3,"38":3,"39":3,"40":3,"41":0,"42":3,"43":3,"44":3,"45":1,"46":3,"47":1,"48":1,"49":1,"50":1,"51":1,"52":1,"53":1,"54":1,"55":1,"56":1,"57":0,"58":1,"59":6,"60":6,"61":1,"62":2,"63":0,"64":2,"65":1,"66":1,"67":0,"68":0,"69":0,"70":0,"71":0,"72":0,"73":0,"74":0,"75":0,"76":0,"77":0,"78":0,"79":0,"80":0,"81":0,"82":0,"83":0},"b":{"1":[2,1,1,1],"2":[1,1,1,1],"3":[1,1],"4":[2,2],"5":[1,1],"6":[1,1],"7":[2,0],"8":[2,1,1,1,1,1],"9":[0,2,0],"10":[1,1],"11":[2,1,1],"12":[1,0],"13":[0,2],"14":[2,0,0,0,0,0,0],"15":[0,3],"16":[3,0],"17":[1,1],"18":[0,1],"19":[1,2,0,2],"20":[1,0],"21":[1,1],"22":[0,0],"23":[0,0],"24":[0,0],"25":[0,0],"26":[0,0],"27":[0,0],"28":[0,0]},"f":{"1":2,"2":2,"3":2,"4":2,"5":2,"6":2,"7":3,"8":3,"9":3,"10":1,"11":6,"12":0},"fnMap":{"1":{"name":"(anonymous_1)","line":26,"loc":{"start":{"line":26,"column":1},"end":{"line":26,"column":13}}},"2":{"name":"(anonymous_2)","line":33,"loc":{"start":{"line":33,"column":5},"end":{"line":33,"column":17}}},"3":{"name":"(anonymous_3)","line":37,"loc":{"start":{"line":37,"column":24},"end":{"line":37,"column":36}}},"4":{"name":"(anonymous_4)","line":69,"loc":{"start":{"line":69,"column":31},"end":{"line":69,"column":48}},"skip":true},"5":{"name":"(anonymous_5)","line":78,"loc":{"start":{"line":78,"column":26},"end":{"line":78,"column":45}},"skip":true},"6":{"name":"(anonymous_6)","line":123,"loc":{"start":{"line":123,"column":33},"end":{"line":123,"column":48}},"skip":true},"7":{"name":"(anonymous_7)","line":125,"loc":{"start":{"line":125,"column":27},"end":{"line":125,"column":39}},"skip":true},"8":{"name":"(anonymous_8)","line":133,"loc":{"start":{"line":133,"column":59},"end":{"line":133,"column":74}},"skip":true},"9":{"name":"(anonymous_9)","line":143,"loc":{"start":{"line":143,"column":45},"end":{"line":143,"column":62}},"skip":true},"10":{"name":"(anonymous_10)","line":144,"loc":{"start":{"line":144,"column":73},"end":{"line":144,"column":92}},"skip":true},"11":{"name":"(anonymous_11)","line":272,"loc":{"start":{"line":272,"column":51},"end":{"line":272,"column":77}},"skip":true},"12":{"name":"(anonymous_12)","line":315,"loc":{"start":{"line":315,"column":32},"end":{"line":315,"column":61}},"skip":true}},"statementMap":{"1":{"start":{"line":26,"column":0},"end":{"line":326,"column":5}},"2":{"start":{"line":28,"column":4},"end":{"line":28,"column":14}},"3":{"start":{"line":33,"column":4},"end":{"line":60,"column":9}},"4":{"start":{"line":35,"column":8},"end":{"line":35,"column":19}},"5":{"start":{"line":37,"column":8},"end":{"line":49,"column":13}},"6":{"start":{"line":38,"column":12},"end":{"line":48,"column":13}},"7":{"start":{"line":39,"column":16},"end":{"line":42,"column":30}},"8":{"start":{"line":44,"column":16},"end":{"line":47,"column":27}},"9":{"start":{"line":51,"column":8},"end":{"line":53,"column":21}},"10":{"start":{"line":55,"column":8},"end":{"line":57,"column":45}},"11":{"start":{"line":59,"column":8},"end":{"line":59,"column":35}},"12":{"start":{"line":61,"column":4},"end":{"line":325,"column":5}},"13":{"start":{"line":69,"column":8},"end":{"line":121,"column":10},"skip":true},"14":{"start":{"line":70,"column":12},"end":{"line":88,"column":13},"skip":true},"15":{"start":{"line":76,"column":16},"end":{"line":87,"column":19},"skip":true},"16":{"start":{"line":79,"column":20},"end":{"line":86,"column":21},"skip":true},"17":{"start":{"line":82,"column":24},"end":{"line":82,"column":43},"skip":true},"18":{"start":{"line":83,"column":24},"end":{"line":83,"column":30},"skip":true},"19":{"start":{"line":85,"column":24},"end":{"line":85,"column":49},"skip":true},"20":{"start":{"line":89,"column":12},"end":{"line":107,"column":13},"skip":true},"21":{"start":{"line":92,"column":16},"end":{"line":102,"column":17},"skip":true},"22":{"start":{"line":93,"column":20},"end":{"line":93,"column":86},"skip":true},"23":{"start":{"line":94,"column":20},"end":{"line":95,"column":45},"skip":true},"24":{"start":{"line":96,"column":20},"end":{"line":96,"column":42},"skip":true},"25":{"start":{"line":97,"column":20},"end":{"line":97,"column":48},"skip":true},"26":{"start":{"line":100,"column":20},"end":{"line":100,"column":85},"skip":true},"27":{"start":{"line":101,"column":20},"end":{"line":101,"column":96},"skip":true},"28":{"start":{"line":103,"column":16},"end":{"line":103,"column":22},"skip":true},"29":{"start":{"line":106,"column":16},"end":{"line":106,"column":22},"skip":true},"30":{"start":{"line":108,"column":12},"end":{"line":120,"column":13},"skip":true},"31":{"start":{"line":114,"column":16},"end":{"line":119,"column":17},"skip":true},"32":{"start":{"line":116,"column":20},"end":{"line":116,"column":78},"skip":true},"33":{"start":{"line":118,"column":20},"end":{"line":118,"column":47},"skip":true},"34":{"start":{"line":123,"column":8},"end":{"line":141,"column":11},"skip":true},"35":{"start":{"line":124,"column":12},"end":{"line":124,"column":54},"skip":true},"36":{"start":{"line":125,"column":12},"end":{"line":140,"column":14},"skip":true},"37":{"start":{"line":126,"column":16},"end":{"line":126,"column":28},"skip":true},"38":{"start":{"line":127,"column":16},"end":{"line":127,"column":69},"skip":true},"39":{"start":{"line":128,"column":16},"end":{"line":128,"column":75},"skip":true},"40":{"start":{"line":129,"column":16},"end":{"line":131,"column":17},"skip":true},"41":{"start":{"line":130,"column":20},"end":{"line":130,"column":27},"skip":true},"42":{"start":{"line":133,"column":16},"end":{"line":137,"column":36},"skip":true},"43":{"start":{"line":134,"column":20},"end":{"line":136,"column":55},"skip":true},"44":{"start":{"line":139,"column":16},"end":{"line":139,"column":57},"skip":true},"45":{"start":{"line":143,"column":8},"end":{"line":147,"column":11},"skip":true},"46":{"start":{"line":144,"column":12},"end":{"line":146,"column":15},"skip":true},"47":{"start":{"line":145,"column":16},"end":{"line":145,"column":70},"skip":true},"48":{"start":{"line":149,"column":8},"end":{"line":149,"column":31},"skip":true},"49":{"start":{"line":150,"column":8},"end":{"line":150,"column":14},"skip":true},"50":{"start":{"line":158,"column":8},"end":{"line":158,"column":31},"skip":true},"51":{"start":{"line":160,"column":8},"end":{"line":160,"column":33},"skip":true},"52":{"start":{"line":161,"column":8},"end":{"line":161,"column":37},"skip":true},"53":{"start":{"line":162,"column":8},"end":{"line":162,"column":35},"skip":true},"54":{"start":{"line":164,"column":8},"end":{"line":164,"column":50},"skip":true},"55":{"start":{"line":166,"column":8},"end":{"line":256,"column":2},"skip":true},"56":{"start":{"line":258,"column":8},"end":{"line":286,"column":9},"skip":true},"57":{"start":{"line":259,"column":12},"end":{"line":269,"column":14},"skip":true},"58":{"start":{"line":271,"column":12},"end":{"line":285,"column":19},"skip":true},"59":{"start":{"line":274,"column":20},"end":{"line":274,"column":35},"skip":true},"60":{"start":{"line":275,"column":20},"end":{"line":284,"column":21},"skip":true},"61":{"start":{"line":277,"column":24},"end":{"line":277,"column":64},"skip":true},"62":{"start":{"line":279,"column":24},"end":{"line":279,"column":40},"skip":true},"63":{"start":{"line":281,"column":24},"end":{"line":281,"column":40},"skip":true},"64":{"start":{"line":283,"column":24},"end":{"line":283,"column":39},"skip":true},"65":{"start":{"line":288,"column":8},"end":{"line":290,"column":9},"skip":true},"66":{"start":{"line":289,"column":12},"end":{"line":289,"column":18},"skip":true},"67":{"start":{"line":291,"column":8},"end":{"line":293,"column":54},"skip":true},"68":{"start":{"line":296,"column":8},"end":{"line":301,"column":37},"skip":true},"69":{"start":{"line":303,"column":8},"end":{"line":303,"column":82},"skip":true},"70":{"start":{"line":306,"column":8},"end":{"line":308,"column":9},"skip":true},"71":{"start":{"line":307,"column":12},"end":{"line":307,"column":82},"skip":true},"72":{"start":{"line":310,"column":8},"end":{"line":312,"column":9},"skip":true},"73":{"start":{"line":311,"column":12},"end":{"line":311,"column":18},"skip":true},"74":{"start":{"line":313,"column":8},"end":{"line":313,"column":54},"skip":true},"75":{"start":{"line":314,"column":8},"end":{"line":314,"column":69},"skip":true},"76":{"start":{"line":315,"column":8},"end":{"line":323,"column":36},"skip":true},"77":{"start":{"line":316,"column":12},"end":{"line":316,"column":61},"skip":true},"78":{"start":{"line":317,"column":12},"end":{"line":320,"column":13},"skip":true},"79":{"start":{"line":318,"column":16},"end":{"line":318,"column":75},"skip":true},"80":{"start":{"line":319,"column":16},"end":{"line":319,"column":23},"skip":true},"81":{"start":{"line":321,"column":12},"end":{"line":321,"column":38},"skip":true},"82":{"start":{"line":322,"column":12},"end":{"line":322,"column":27},"skip":true},"83":{"start":{"line":324,"column":8},"end":{"line":324,"column":14},"skip":true}},"branchMap":{"1":{"line":39,"type":"binary-expr","locations":[{"start":{"line":39,"column":23},"end":{"line":39,"column":62}},{"start":{"line":40,"column":20},"end":{"line":40,"column":70}},{"start":{"line":41,"column":20},"end":{"line":41,"column":71}},{"start":{"line":42,"column":20},"end":{"line":42,"column":29}}]},"2":{"line":44,"type":"binary-expr","locations":[{"start":{"line":44,"column":23},"end":{"line":44,"column":37}},{"start":{"line":45,"column":20},"end":{"line":45,"column":61}},{"start":{"line":46,"column":20},"end":{"line":46,"column":70}},{"start":{"line":47,"column":20},"end":{"line":47,"column":26}}]},"3":{"line":51,"type":"cond-expr","locations":[{"start":{"line":52,"column":14},"end":{"line":52,"column":20}},{"start":{"line":53,"column":14},"end":{"line":53,"column":20}}]},"4":{"line":55,"type":"binary-expr","locations":[{"start":{"line":55,"column":16},"end":{"line":55,"column":44}},{"start":{"line":55,"column":49},"end":{"line":57,"column":43}}]},"5":{"line":55,"type":"cond-expr","locations":[{"start":{"line":56,"column":14},"end":{"line":56,"column":54}},{"start":{"line":57,"column":14},"end":{"line":57,"column":43}}]},"6":{"line":61,"type":"switch","locations":[{"start":{"line":68,"column":4},"end":{"line":150,"column":14},"skip":true},{"start":{"line":156,"column":4},"end":{"line":324,"column":14},"skip":true}]},"7":{"line":70,"type":"if","locations":[{"start":{"line":70,"column":12},"end":{"line":70,"column":12},"skip":true},{"start":{"line":70,"column":12},"end":{"line":70,"column":12},"skip":true}]},"8":{"line":70,"type":"binary-expr","locations":[{"start":{"line":70,"column":16},"end":{"line":70,"column":22},"skip":true},{"start":{"line":70,"column":27},"end":{"line":70,"column":32},"skip":true},{"start":{"line":71,"column":20},"end":{"line":71,"column":39},"skip":true},{"start":{"line":72,"column":20},"end":{"line":72,"column":49},"skip":true},{"start":{"line":73,"column":20},"end":{"line":73,"column":58},"skip":true},{"start":{"line":74,"column":20},"end":{"line":74,"column":69},"skip":true}]},"9":{"line":79,"type":"switch","locations":[{"start":{"line":80,"column":20},"end":{"line":80,"column":33},"skip":true},{"start":{"line":81,"column":20},"end":{"line":83,"column":30},"skip":true},{"start":{"line":84,"column":20},"end":{"line":85,"column":49},"skip":true}]},"10":{"line":89,"type":"switch","locations":[{"start":{"line":90,"column":12},"end":{"line":103,"column":22},"skip":true},{"start":{"line":105,"column":12},"end":{"line":106,"column":22},"skip":true}]},"11":{"line":89,"type":"binary-expr","locations":[{"start":{"line":89,"column":20},"end":{"line":89,"column":25},"skip":true},{"start":{"line":89,"column":29},"end":{"line":89,"column":48},"skip":true},{"start":{"line":89,"column":52},"end":{"line":89,"column":74},"skip":true}]},"12":{"line":92,"type":"if","locations":[{"start":{"line":92,"column":16},"end":{"line":92,"column":16},"skip":true},{"start":{"line":92,"column":16},"end":{"line":92,"column":16},"skip":true}]},"13":{"line":108,"type":"if","locations":[{"start":{"line":108,"column":12},"end":{"line":108,"column":12},"skip":true},{"start":{"line":108,"column":12},"end":{"line":108,"column":12},"skip":true}]},"14":{"line":108,"type":"binary-expr","locations":[{"start":{"line":108,"column":16},"end":{"line":108,"column":61},"skip":true},{"start":{"line":108,"column":66},"end":{"line":108,"column":72},"skip":true},{"start":{"line":108,"column":77},"end":{"line":108,"column":82},"skip":true},{"start":{"line":109,"column":20},"end":{"line":109,"column":39},"skip":true},{"start":{"line":110,"column":20},"end":{"line":110,"column":49},"skip":true},{"start":{"line":111,"column":20},"end":{"line":111,"column":58},"skip":true},{"start":{"line":112,"column":20},"end":{"line":112,"column":68},"skip":true}]},"15":{"line":129,"type":"if","locations":[{"start":{"line":129,"column":16},"end":{"line":129,"column":16},"skip":true},{"start":{"line":129,"column":16},"end":{"line":129,"column":16},"skip":true}]},"16":{"line":134,"type":"cond-expr","locations":[{"start":{"line":135,"column":26},"end":{"line":135,"column":29},"skip":true},{"start":{"line":136,"column":26},"end":{"line":136,"column":54},"skip":true}]},"17":{"line":164,"type":"binary-expr","locations":[{"start":{"line":164,"column":27},"end":{"line":164,"column":43},"skip":true},{"start":{"line":164,"column":47},"end":{"line":164,"column":49},"skip":true}]},"18":{"line":258,"type":"if","locations":[{"start":{"line":258,"column":8},"end":{"line":258,"column":8},"skip":true},{"start":{"line":258,"column":8},"end":{"line":258,"column":8},"skip":true}]},"19":{"line":275,"type":"switch","locations":[{"start":{"line":276,"column":20},"end":{"line":277,"column":64},"skip":true},{"start":{"line":278,"column":20},"end":{"line":279,"column":40},"skip":true},{"start":{"line":280,"column":20},"end":{"line":281,"column":40},"skip":true},{"start":{"line":282,"column":20},"end":{"line":283,"column":39},"skip":true}]},"20":{"line":288,"type":"if","locations":[{"start":{"line":288,"column":8},"end":{"line":288,"column":8},"skip":true},{"start":{"line":288,"column":8},"end":{"line":288,"column":8},"skip":true}]},"21":{"line":288,"type":"binary-expr","locations":[{"start":{"line":288,"column":12},"end":{"line":288,"column":40},"skip":true},{"start":{"line":288,"column":44},"end":{"line":288,"column":67},"skip":true}]},"22":{"line":292,"type":"binary-expr","locations":[{"start":{"line":292,"column":12},"end":{"line":292,"column":50},"skip":true},{"start":{"line":293,"column":12},"end":{"line":293,"column":53},"skip":true}]},"23":{"line":297,"type":"binary-expr","locations":[{"start":{"line":297,"column":12},"end":{"line":297,"column":68},"skip":true},{"start":{"line":298,"column":12},"end":{"line":301,"column":36},"skip":true}]},"24":{"line":303,"type":"binary-expr","locations":[{"start":{"line":303,"column":43},"end":{"line":303,"column":75},"skip":true},{"start":{"line":303,"column":79},"end":{"line":303,"column":81},"skip":true}]},"25":{"line":306,"type":"if","locations":[{"start":{"line":306,"column":8},"end":{"line":306,"column":8},"skip":true},{"start":{"line":306,"column":8},"end":{"line":306,"column":8},"skip":true}]},"26":{"line":310,"type":"if","locations":[{"start":{"line":310,"column":8},"end":{"line":310,"column":8},"skip":true},{"start":{"line":310,"column":8},"end":{"line":310,"column":8},"skip":true}]},"27":{"line":313,"type":"binary-expr","locations":[{"start":{"line":313,"column":27},"end":{"line":313,"column":43},"skip":true},{"start":{"line":313,"column":47},"end":{"line":313,"column":53},"skip":true}]},"28":{"line":317,"type":"if","locations":[{"start":{"line":317,"column":12},"end":{"line":317,"column":12},"skip":true},{"start":{"line":317,"column":12},"end":{"line":317,"column":12},"skip":true}]}},"code":["/*","example.js","","quickstart example","","instruction","    1. save this script as example.js","    2. run the shell command:","        $ npm install npmtest-fs-jetpack && PORT=8081 node example.js","    3. play with the browser-demo on http://127.0.0.1:8081","*/","","","","/* istanbul instrument in package npmtest_fs_jetpack */","/*jslint","    bitwise: true,","    browser: true,","    maxerr: 8,","    maxlen: 96,","    node: true,","    nomen: true,","    regexp: true,","    stupid: true","*/","(function () {","    'use strict';","    var local;","","","","    // run shared js-env code - pre-init","    (function () {","        // init local","        local = {};","        // init modeJs","        local.modeJs = (function () {","            try {","                return typeof navigator.userAgent === 'string' &&","                    typeof document.querySelector('body') === 'object' &&","                    typeof XMLHttpRequest.prototype.open === 'function' &&","                    'browser';","            } catch (errorCaughtBrowser) {","                return module.exports &&","                    typeof process.versions.node === 'string' &&","                    typeof require('http').createServer === 'function' &&","                    'node';","            }","        }());","        // init global","        local.global = local.modeJs === 'browser'","            ? window","            : global;","        // init utility2_rollup","        local = local.global.utility2_rollup || (local.modeJs === 'browser'","            ? local.global.utility2_npmtest_fs_jetpack","            : global.utility2_moduleExports);","        // export local","        local.global.local = local;","    }());","    switch (local.modeJs) {","","","","    // post-init","    // run browser js-env code - post-init","    /* istanbul ignore next */","    case 'browser':","        local.testRunBrowser = function (event) {","            if (!event || (event &&","                    event.currentTarget &&","                    event.currentTarget.className &&","                    event.currentTarget.className.includes &&","                    event.currentTarget.className.includes('onreset'))) {","                // reset output","                Array.from(","                    document.querySelectorAll('body > .resettable')","                ).forEach(function (element) {","                    switch (element.tagName) {","                    case 'INPUT':","                    case 'TEXTAREA':","                        element.value = '';","                        break;","                    default:","                        element.textContent = '';","                    }","                });","            }","            switch (event && event.currentTarget && event.currentTarget.id) {","            case 'testRunButton1':","                // show tests","                if (document.querySelector('#testReportDiv1').style.display === 'none') {","                    document.querySelector('#testReportDiv1').style.display = 'block';","                    document.querySelector('#testRunButton1').textContent =","                        'hide internal test';","                    local.modeTest = true;","                    local.testRunDefault(local);","                // hide tests","                } else {","                    document.querySelector('#testReportDiv1').style.display = 'none';","                    document.querySelector('#testRunButton1').textContent = 'run internal test';","                }","                break;","            // custom-case","            default:","                break;","            }","            if (document.querySelector('#inputTextareaEval1') && (!event || (event &&","                    event.currentTarget &&","                    event.currentTarget.className &&","                    event.currentTarget.className.includes &&","                    event.currentTarget.className.includes('oneval')))) {","                // try to eval input-code","                try {","                    /*jslint evil: true*/","                    eval(document.querySelector('#inputTextareaEval1').value);","                } catch (errorCaught) {","                    console.error(errorCaught);","                }","            }","        };","        // log stderr and stdout to #outputTextareaStdout1","        ['error', 'log'].forEach(function (key) {","            console[key + '_original'] = console[key];","            console[key] = function () {","                var element;","                console[key + '_original'].apply(console, arguments);","                element = document.querySelector('#outputTextareaStdout1');","                if (!element) {","                    return;","                }","                // append text to #outputTextareaStdout1","                element.value += Array.from(arguments).map(function (arg) {","                    return typeof arg === 'string'","                        ? arg","                        : JSON.stringify(arg, null, 4);","                }).join(' ') + '\\n';","                // scroll textarea to bottom","                element.scrollTop = element.scrollHeight;","            };","        });","        // init event-handling","        ['change', 'click', 'keyup'].forEach(function (event) {","            Array.from(document.querySelectorAll('.on' + event)).forEach(function (element) {","                element.addEventListener(event, local.testRunBrowser);","            });","        });","        // run tests","        local.testRunBrowser();","        break;","","","","    // run node js-env code - post-init","    /* istanbul ignore next */","    case 'node':","        // export local","        module.exports = local;","        // require modules","        local.fs = require('fs');","        local.http = require('http');","        local.url = require('url');","        // init assets","        local.assetsDict = local.assetsDict || {};","        /* jslint-ignore-begin */","        local.assetsDict['/assets.index.template.html'] = '\\","<!doctype html>\\n\\","<html lang=\"en\">\\n\\","<head>\\n\\","<meta charset=\"UTF-8\">\\n\\","<meta name=\"viewport\" content=\"width=device-width, initial-scale=1\">\\n\\","<title>{{env.npm_package_name}} (v{{env.npm_package_version}})</title>\\n\\","<style>\\n\\","/*csslint\\n\\","    box-sizing: false,\\n\\","    universal-selector: false\\n\\","*/\\n\\","* {\\n\\","    box-sizing: border-box;\\n\\","}\\n\\","body {\\n\\","    background: #dde;\\n\\","    font-family: Arial, Helvetica, sans-serif;\\n\\","    margin: 2rem;\\n\\","}\\n\\","body > * {\\n\\","    margin-bottom: 1rem;\\n\\","}\\n\\",".utility2FooterDiv {\\n\\","    margin-top: 20px;\\n\\","    text-align: center;\\n\\","}\\n\\","</style>\\n\\","<style>\\n\\","/*csslint\\n\\","*/\\n\\","textarea {\\n\\","    font-family: monospace;\\n\\","    height: 10rem;\\n\\","    width: 100%;\\n\\","}\\n\\","textarea[readonly] {\\n\\","    background: #ddd;\\n\\","}\\n\\","</style>\\n\\","</head>\\n\\","<body>\\n\\","<!-- utility2-comment\\n\\","<div id=\"ajaxProgressDiv1\" style=\"background: #d00; height: 2px; left: 0; margin: 0; padding: 0; position: fixed; top: 0; transition: background 0.5s, width 1.5s; width: 25%;\"></div>\\n\\","utility2-comment -->\\n\\","<h1>\\n\\","<!-- utility2-comment\\n\\","    <a\\n\\","        {{#if env.npm_package_homepage}}\\n\\","        href=\"{{env.npm_package_homepage}}\"\\n\\","        {{/if env.npm_package_homepage}}\\n\\","        target=\"_blank\"\\n\\","    >\\n\\","utility2-comment -->\\n\\","        {{env.npm_package_name}} (v{{env.npm_package_version}})\\n\\","<!-- utility2-comment\\n\\","    </a>\\n\\","utility2-comment -->\\n\\","</h1>\\n\\","<h3>{{env.npm_package_description}}</h3>\\n\\","<!-- utility2-comment\\n\\","<h4><a download href=\"assets.app.js\">download standalone app</a></h4>\\n\\","<button class=\"onclick onreset\" id=\"testRunButton1\">run internal test</button><br>\\n\\","<div id=\"testReportDiv1\" style=\"display: none;\"></div>\\n\\","utility2-comment -->\\n\\","\\n\\","\\n\\","\\n\\","<label>stderr and stdout</label>\\n\\","<textarea class=\"resettable\" id=\"outputTextareaStdout1\" readonly></textarea>\\n\\","<!-- utility2-comment\\n\\","{{#if isRollup}}\\n\\","<script src=\"assets.app.js\"></script>\\n\\","{{#unless isRollup}}\\n\\","utility2-comment -->\\n\\","<script src=\"assets.utility2.rollup.js\"></script>\\n\\","<script src=\"jsonp.utility2._stateInit?callback=window.utility2._stateInit\"></script>\\n\\","<script src=\"assets.npmtest_fs_jetpack.rollup.js\"></script>\\n\\","<script src=\"assets.example.js\"></script>\\n\\","<script src=\"assets.test.js\"></script>\\n\\","<!-- utility2-comment\\n\\","{{/if isRollup}}\\n\\","utility2-comment -->\\n\\","<div class=\"utility2FooterDiv\">\\n\\","    [ this app was created with\\n\\","    <a href=\"https://github.com/kaizhu256/node-utility2\" target=\"_blank\">utility2</a>\\n\\","    ]\\n\\","</div>\\n\\","</body>\\n\\","</html>\\n\\","';","        /* jslint-ignore-end */","        if (local.templateRender) {","            local.assetsDict['/'] = local.templateRender(","                local.assetsDict['/assets.index.template.html'],","                {","                    env: local.objectSetDefault(local.env, {","                        npm_package_description: 'the greatest app in the world!',","                        npm_package_name: 'my-app',","                        npm_package_nameAlias: 'my_app',","                        npm_package_version: '0.0.1'","                    })","                }","            );","        } else {","            local.assetsDict['/'] = local.assetsDict['/assets.index.template.html']","                .replace((/\\{\\{env\\.(\\w+?)\\}\\}/g), function (match0, match1) {","                    // jslint-hack","                    String(match0);","                    switch (match1) {","                    case 'npm_package_description':","                        return 'the greatest app in the world!';","                    case 'npm_package_name':","                        return 'my-app';","                    case 'npm_package_nameAlias':","                        return 'my_app';","                    case 'npm_package_version':","                        return '0.0.1';","                    }","                });","        }","        // run the cli","        if (local.global.utility2_rollup || module !== require.main) {","            break;","        }","        local.assetsDict['/assets.example.js'] =","            local.assetsDict['/assets.example.js'] ||","            local.fs.readFileSync(__filename, 'utf8');","        // bug-workaround - long $npm_package_buildCustomOrg","        /* jslint-ignore-begin */","        local.assetsDict['/assets.npmtest_fs_jetpack.rollup.js'] =","            local.assetsDict['/assets.npmtest_fs_jetpack.rollup.js'] ||","            local.fs.readFileSync(","                local.npmtest_fs_jetpack.__dirname + '/lib.npmtest_fs_jetpack.js',","                'utf8'","            ).replace((/^#!/), '//');","        /* jslint-ignore-end */","        local.assetsDict['/favicon.ico'] = local.assetsDict['/favicon.ico'] || '';","        // if $npm_config_timeout_exit exists,","        // then exit this process after $npm_config_timeout_exit ms","        if (Number(process.env.npm_config_timeout_exit)) {","            setTimeout(process.exit, Number(process.env.npm_config_timeout_exit));","        }","        // start server","        if (local.global.utility2_serverHttp1) {","            break;","        }","        process.env.PORT = process.env.PORT || '8081';","        console.error('server starting on port ' + process.env.PORT);","        local.http.createServer(function (request, response) {","            request.urlParsed = local.url.parse(request.url);","            if (local.assetsDict[request.urlParsed.pathname] !== undefined) {","                response.end(local.assetsDict[request.urlParsed.pathname]);","                return;","            }","            response.statusCode = 404;","            response.end();","        }).listen(process.env.PORT);","        break;","    }","}());",""],"l":{"26":2,"28":2,"33":2,"35":2,"37":2,"38":2,"39":2,"44":1,"51":2,"55":2,"59":2,"61":2,"69":1,"70":2,"76":2,"79":2,"82":2,"83":2,"85":1,"89":2,"92":1,"93":1,"94":1,"96":1,"97":1,"100":1,"101":1,"103":1,"106":1,"108":2,"114":1,"116":1,"118":1,"123":1,"124":2,"125":2,"126":3,"127":3,"128":3,"129":3,"130":1,"133":3,"134":3,"139":3,"143":1,"144":3,"145":1,"149":1,"150":1,"158":1,"160":1,"161":1,"162":1,"164":1,"166":1,"258":1,"259":1,"271":1,"274":6,"275":6,"277":1,"279":2,"281":1,"283":2,"288":1,"289":1,"291":1,"296":1,"303":1,"306":1,"307":1,"310":1,"311":1,"313":1,"314":1,"315":1,"316":1,"317":1,"318":1,"319":1,"321":1,"322":1,"324":1}},"/home/travis/build/npmtest/node-npmtest-fs-jetpack/node_modules/fs-jetpack/main.js":{"path":"/home/travis/build/npmtest/node-npmtest-fs-jetpack/node_modules/fs-jetpack/main.js","s":{"1":1,"2":1},"b":{},"f":{},"fnMap":{},"statementMap":{"1":{"start":{"line":3,"column":0},"end":{"line":3,"column":39}},"2":{"start":{"line":5,"column":0},"end":{"line":5,"column":27}}},"branchMap":{},"code":["'use strict';","","var jetpack = require('./lib/jetpack');","","module.exports = jetpack();",""],"l":{"3":1,"5":1}},"/home/travis/build/npmtest/node-npmtest-fs-jetpack/node_modules/fs-jetpack/lib/jetpack.js":{"path":"/home/travis/build/npmtest/node-npmtest-fs-jetpack/node_modules/fs-jetpack/lib/jetpack.js","s":{"1":1,"2":1,"3":1,"4":1,"5":1,"6":1,"7":1,"8":1,"9":1,"10":1,"11":1,"12":1,"13":1,"14":1,"15":1,"16":1,"17":1,"18":1,"19":1,"20":6,"21":20066,"22":6,"23":5,"24":5,"25":5,"26":0,"27":5,"28":5,"29":5,"30":6,"31":20058,"32":6,"33":3,"34":3,"35":6,"36":0,"37":0,"38":0,"39":6,"40":0,"41":0,"42":0,"43":0,"44":0,"45":0,"46":1,"47":1,"48":0,"49":0,"50":5,"51":5,"52":5,"53":5,"54":5,"55":0,"56":0,"57":0,"58":0,"59":0,"60":0,"61":0,"62":0,"63":0,"64":0,"65":0,"66":0,"67":20050,"68":20050,"69":20050,"70":20050,"71":20050,"72":0,"73":0,"74":0,"75":0,"76":0,"77":0,"78":0,"79":0,"80":0,"81":0,"82":0,"83":0,"84":0,"85":0,"86":0,"87":0,"88":0,"89":0,"90":0,"91":0,"92":0,"93":0,"94":0,"95":0,"96":0,"97":0,"98":0,"99":0,"100":0,"101":0,"102":0,"103":0,"104":1,"105":1,"106":0,"107":0,"108":0,"109":0,"110":0,"111":0,"112":0,"113":0,"114":0,"115":0,"116":0,"117":0,"118":6,"119":6,"120":0,"121":6,"122":1},"b":{"1":[20066,5],"2":[0,5],"3":[0,0],"4":[0,0],"5":[0,0],"6":[0,0],"7":[0,0],"8":[0,0],"9":[0,0],"10":[0,0],"11":[1,0],"12":[6,0]},"f":{"1":6,"2":20066,"3":5,"4":20058,"5":3,"6":0,"7":0,"8":0,"9":0,"10":1,"11":0,"12":0,"13":5,"14":0,"15":0,"16":0,"17":0,"18":0,"19":0,"20":20050,"21":20050,"22":20050,"23":0,"24":0,"25":0,"26":0,"27":0,"28":0,"29":0,"30":0,"31":0,"32":0,"33":0,"34":0,"35":0,"36":1,"37":0,"38":0,"39":0,"40":0,"41":0,"42":0,"43":0},"fnMap":{"1":{"name":"(anonymous_1)","line":27,"loc":{"start":{"line":27,"column":21},"end":{"line":27,"column":40}}},"2":{"name":"(anonymous_2)","line":28,"loc":{"start":{"line":28,"column":19},"end":{"line":28,"column":31}}},"3":{"name":"(anonymous_3)","line":32,"loc":{"start":{"line":32,"column":12},"end":{"line":32,"column":24}}},"4":{"name":"(anonymous_4)","line":48,"loc":{"start":{"line":48,"column":20},"end":{"line":48,"column":36}}},"5":{"name":"(anonymous_5)","line":52,"loc":{"start":{"line":52,"column":16},"end":{"line":52,"column":28}}},"6":{"name":"(anonymous_6)","line":58,"loc":{"start":{"line":58,"column":25},"end":{"line":58,"column":44}}},"7":{"name":"(anonymous_7)","line":70,"loc":{"start":{"line":70,"column":12},"end":{"line":70,"column":43}}},"8":{"name":"(anonymous_8)","line":74,"loc":{"start":{"line":74,"column":17},"end":{"line":74,"column":48}}},"9":{"name":"(anonymous_9)","line":79,"loc":{"start":{"line":79,"column":10},"end":{"line":79,"column":39}}},"10":{"name":"(anonymous_10)","line":83,"loc":{"start":{"line":83,"column":15},"end":{"line":83,"column":44}}},"11":{"name":"(anonymous_11)","line":88,"loc":{"start":{"line":88,"column":23},"end":{"line":88,"column":48}}},"12":{"name":"(anonymous_12)","line":91,"loc":{"start":{"line":91,"column":22},"end":{"line":91,"column":47}}},"13":{"name":"(anonymous_13)","line":95,"loc":{"start":{"line":95,"column":9},"end":{"line":95,"column":35}}},"14":{"name":"(anonymous_14)","line":102,"loc":{"start":{"line":102,"column":14},"end":{"line":102,"column":40}}},"15":{"name":"(anonymous_15)","line":104,"loc":{"start":{"line":104,"column":25},"end":{"line":104,"column":52}}},"16":{"name":"(anonymous_16)","line":107,"loc":{"start":{"line":107,"column":14},"end":{"line":107,"column":26}}},"17":{"name":"(anonymous_17)","line":113,"loc":{"start":{"line":113,"column":12},"end":{"line":113,"column":28}}},"18":{"name":"(anonymous_18)","line":117,"loc":{"start":{"line":117,"column":17},"end":{"line":117,"column":33}}},"19":{"name":"(anonymous_19)","line":122,"loc":{"start":{"line":122,"column":10},"end":{"line":122,"column":36}}},"20":{"name":"(anonymous_20)","line":127,"loc":{"start":{"line":127,"column":15},"end":{"line":127,"column":41}}},"21":{"name":"(anonymous_21)","line":130,"loc":{"start":{"line":130,"column":25},"end":{"line":130,"column":52}}},"22":{"name":"(anonymous_22)","line":132,"loc":{"start":{"line":132,"column":14},"end":{"line":132,"column":26}}},"23":{"name":"(anonymous_23)","line":138,"loc":{"start":{"line":138,"column":10},"end":{"line":138,"column":40}}},"24":{"name":"(anonymous_24)","line":148,"loc":{"start":{"line":148,"column":15},"end":{"line":148,"column":45}}},"25":{"name":"(anonymous_25)","line":159,"loc":{"start":{"line":159,"column":13},"end":{"line":159,"column":46}}},"26":{"name":"(anonymous_26)","line":163,"loc":{"start":{"line":163,"column":18},"end":{"line":163,"column":51}}},"27":{"name":"(anonymous_27)","line":168,"loc":{"start":{"line":168,"column":17},"end":{"line":168,"column":42}}},"28":{"name":"(anonymous_28)","line":172,"loc":{"start":{"line":172,"column":22},"end":{"line":172,"column":47}}},"29":{"name":"(anonymous_29)","line":177,"loc":{"start":{"line":177,"column":10},"end":{"line":177,"column":26}}},"30":{"name":"(anonymous_30)","line":181,"loc":{"start":{"line":181,"column":15},"end":{"line":181,"column":31}}},"31":{"name":"(anonymous_31)","line":186,"loc":{"start":{"line":186,"column":10},"end":{"line":186,"column":30}}},"32":{"name":"(anonymous_32)","line":190,"loc":{"start":{"line":190,"column":15},"end":{"line":190,"column":35}}},"33":{"name":"(anonymous_33)","line":195,"loc":{"start":{"line":195,"column":10},"end":{"line":195,"column":36}}},"34":{"name":"(anonymous_34)","line":199,"loc":{"start":{"line":199,"column":15},"end":{"line":199,"column":41}}},"35":{"name":"(anonymous_35)","line":204,"loc":{"start":{"line":204,"column":12},"end":{"line":204,"column":28}}},"36":{"name":"(anonymous_36)","line":209,"loc":{"start":{"line":209,"column":17},"end":{"line":209,"column":33}}},"37":{"name":"(anonymous_37)","line":215,"loc":{"start":{"line":215,"column":12},"end":{"line":215,"column":37}}},"38":{"name":"(anonymous_38)","line":219,"loc":{"start":{"line":219,"column":17},"end":{"line":219,"column":42}}},"39":{"name":"(anonymous_39)","line":224,"loc":{"start":{"line":224,"column":13},"end":{"line":224,"column":43}}},"40":{"name":"(anonymous_40)","line":228,"loc":{"start":{"line":228,"column":18},"end":{"line":228,"column":48}}},"41":{"name":"(anonymous_41)","line":233,"loc":{"start":{"line":233,"column":11},"end":{"line":233,"column":42}}},"42":{"name":"(anonymous_42)","line":237,"loc":{"start":{"line":237,"column":16},"end":{"line":237,"column":47}}},"43":{"name":"(anonymous_43)","line":247,"loc":{"start":{"line":247,"column":31},"end":{"line":247,"column":43}}}},"statementMap":{"1":{"start":{"line":5,"column":0},"end":{"line":5,"column":27}},"2":{"start":{"line":6,"column":0},"end":{"line":6,"column":31}},"3":{"start":{"line":7,"column":0},"end":{"line":7,"column":33}},"4":{"start":{"line":8,"column":0},"end":{"line":8,"column":27}},"5":{"start":{"line":9,"column":0},"end":{"line":9,"column":29}},"6":{"start":{"line":10,"column":0},"end":{"line":10,"column":29}},"7":{"start":{"line":11,"column":0},"end":{"line":11,"column":35}},"8":{"start":{"line":12,"column":0},"end":{"line":12,"column":44}},"9":{"start":{"line":13,"column":0},"end":{"line":13,"column":29}},"10":{"start":{"line":14,"column":0},"end":{"line":14,"column":33}},"11":{"start":{"line":15,"column":0},"end":{"line":15,"column":29}},"12":{"start":{"line":16,"column":0},"end":{"line":16,"column":29}},"13":{"start":{"line":17,"column":0},"end":{"line":17,"column":29}},"14":{"start":{"line":18,"column":0},"end":{"line":18,"column":33}},"15":{"start":{"line":19,"column":0},"end":{"line":19,"column":33}},"16":{"start":{"line":20,"column":0},"end":{"line":20,"column":35}},"17":{"start":{"line":21,"column":0},"end":{"line":21,"column":35}},"18":{"start":{"line":22,"column":0},"end":{"line":22,"column":31}},"19":{"start":{"line":27,"column":0},"end":{"line":253,"column":2}},"20":{"start":{"line":28,"column":2},"end":{"line":30,"column":4}},"21":{"start":{"line":29,"column":4},"end":{"line":29,"column":36}},"22":{"start":{"line":32,"column":2},"end":{"line":45,"column":4}},"23":{"start":{"line":33,"column":4},"end":{"line":33,"column":13}},"24":{"start":{"line":34,"column":4},"end":{"line":34,"column":18}},"25":{"start":{"line":37,"column":4},"end":{"line":39,"column":5}},"26":{"start":{"line":38,"column":6},"end":{"line":38,"column":26}},"27":{"start":{"line":42,"column":4},"end":{"line":42,"column":49}},"28":{"start":{"line":43,"column":4},"end":{"line":43,"column":44}},"29":{"start":{"line":44,"column":4},"end":{"line":44,"column":67}},"30":{"start":{"line":48,"column":2},"end":{"line":50,"column":4}},"31":{"start":{"line":49,"column":4},"end":{"line":49,"column":48}},"32":{"start":{"line":52,"column":2},"end":{"line":56,"column":4}},"33":{"start":{"line":54,"column":4},"end":{"line":54,"column":58}},"34":{"start":{"line":55,"column":4},"end":{"line":55,"column":51}},"35":{"start":{"line":58,"column":2},"end":{"line":62,"column":4}},"36":{"start":{"line":59,"column":4},"end":{"line":59,"column":29}},"37":{"start":{"line":60,"column":4},"end":{"line":60,"column":28}},"38":{"start":{"line":61,"column":4},"end":{"line":61,"column":16}},"39":{"start":{"line":66,"column":2},"end":{"line":241,"column":4}},"40":{"start":{"line":71,"column":6},"end":{"line":71,"column":58}},"41":{"start":{"line":72,"column":6},"end":{"line":72,"column":52}},"42":{"start":{"line":75,"column":6},"end":{"line":75,"column":63}},"43":{"start":{"line":76,"column":6},"end":{"line":76,"column":60}},"44":{"start":{"line":80,"column":6},"end":{"line":80,"column":52}},"45":{"start":{"line":81,"column":6},"end":{"line":81,"column":61}},"46":{"start":{"line":84,"column":6},"end":{"line":84,"column":57}},"47":{"start":{"line":85,"column":6},"end":{"line":85,"column":69}},"48":{"start":{"line":89,"column":6},"end":{"line":89,"column":67}},"49":{"start":{"line":92,"column":6},"end":{"line":92,"column":66}},"50":{"start":{"line":96,"column":6},"end":{"line":96,"column":25}},"51":{"start":{"line":97,"column":6},"end":{"line":97,"column":47}},"52":{"start":{"line":98,"column":6},"end":{"line":98,"column":41}},"53":{"start":{"line":99,"column":6},"end":{"line":99,"column":41}},"54":{"start":{"line":100,"column":6},"end":{"line":100,"column":33}},"55":{"start":{"line":103,"column":6},"end":{"line":103,"column":52}},"56":{"start":{"line":104,"column":6},"end":{"line":110,"column":9}},"57":{"start":{"line":105,"column":8},"end":{"line":105,"column":47}},"58":{"start":{"line":106,"column":8},"end":{"line":109,"column":19}},"59":{"start":{"line":108,"column":10},"end":{"line":108,"column":39}},"60":{"start":{"line":114,"column":6},"end":{"line":114,"column":43}},"61":{"start":{"line":115,"column":6},"end":{"line":115,"column":44}},"62":{"start":{"line":118,"column":6},"end":{"line":118,"column":48}},"63":{"start":{"line":119,"column":6},"end":{"line":119,"column":45}},"64":{"start":{"line":123,"column":6},"end":{"line":123,"column":49}},"65":{"start":{"line":124,"column":6},"end":{"line":124,"column":45}},"66":{"start":{"line":125,"column":6},"end":{"line":125,"column":18}},"67":{"start":{"line":128,"column":6},"end":{"line":128,"column":22}},"68":{"start":{"line":129,"column":6},"end":{"line":129,"column":54}},"69":{"start":{"line":130,"column":6},"end":{"line":135,"column":9}},"70":{"start":{"line":131,"column":8},"end":{"line":134,"column":19}},"71":{"start":{"line":133,"column":10},"end":{"line":133,"column":24}},"72":{"start":{"line":141,"column":6},"end":{"line":144,"column":7}},"73":{"start":{"line":142,"column":8},"end":{"line":142,"column":28}},"74":{"start":{"line":143,"column":8},"end":{"line":143,"column":24}},"75":{"start":{"line":145,"column":6},"end":{"line":145,"column":53}},"76":{"start":{"line":146,"column":6},"end":{"line":146,"column":74}},"77":{"start":{"line":151,"column":6},"end":{"line":154,"column":7}},"78":{"start":{"line":152,"column":8},"end":{"line":152,"column":28}},"79":{"start":{"line":153,"column":8},"end":{"line":153,"column":24}},"80":{"start":{"line":155,"column":6},"end":{"line":155,"column":58}},"81":{"start":{"line":156,"column":6},"end":{"line":156,"column":75}},"82":{"start":{"line":160,"column":6},"end":{"line":160,"column":62}},"83":{"start":{"line":161,"column":6},"end":{"line":161,"column":62}},"84":{"start":{"line":164,"column":6},"end":{"line":164,"column":67}},"85":{"start":{"line":165,"column":6},"end":{"line":165,"column":63}},"86":{"start":{"line":169,"column":6},"end":{"line":169,"column":62}},"87":{"start":{"line":170,"column":6},"end":{"line":170,"column":58}},"88":{"start":{"line":173,"column":6},"end":{"line":173,"column":67}},"89":{"start":{"line":174,"column":6},"end":{"line":174,"column":59}},"90":{"start":{"line":178,"column":6},"end":{"line":178,"column":39}},"91":{"start":{"line":179,"column":6},"end":{"line":179,"column":49}},"92":{"start":{"line":182,"column":6},"end":{"line":182,"column":44}},"93":{"start":{"line":183,"column":6},"end":{"line":183,"column":50}},"94":{"start":{"line":187,"column":6},"end":{"line":187,"column":43}},"95":{"start":{"line":188,"column":6},"end":{"line":188,"column":52}},"96":{"start":{"line":191,"column":6},"end":{"line":191,"column":48}},"97":{"start":{"line":192,"column":6},"end":{"line":192,"column":60}},"98":{"start":{"line":196,"column":6},"end":{"line":196,"column":49}},"99":{"start":{"line":197,"column":6},"end":{"line":197,"column":52}},"100":{"start":{"line":200,"column":6},"end":{"line":200,"column":54}},"101":{"start":{"line":201,"column":6},"end":{"line":201,"column":53}},"102":{"start":{"line":205,"column":6},"end":{"line":205,"column":43}},"103":{"start":{"line":207,"column":6},"end":{"line":207,"column":44}},"104":{"start":{"line":210,"column":6},"end":{"line":210,"column":48}},"105":{"start":{"line":212,"column":6},"end":{"line":212,"column":52}},"106":{"start":{"line":216,"column":6},"end":{"line":216,"column":52}},"107":{"start":{"line":217,"column":6},"end":{"line":217,"column":46}},"108":{"start":{"line":220,"column":6},"end":{"line":220,"column":57}},"109":{"start":{"line":221,"column":6},"end":{"line":221,"column":54}},"110":{"start":{"line":225,"column":6},"end":{"line":225,"column":59}},"111":{"start":{"line":226,"column":6},"end":{"line":226,"column":52}},"112":{"start":{"line":229,"column":6},"end":{"line":229,"column":64}},"113":{"start":{"line":230,"column":6},"end":{"line":230,"column":60}},"114":{"start":{"line":234,"column":6},"end":{"line":234,"column":56}},"115":{"start":{"line":235,"column":6},"end":{"line":235,"column":51}},"116":{"start":{"line":238,"column":6},"end":{"line":238,"column":61}},"117":{"start":{"line":239,"column":6},"end":{"line":239,"column":59}},"118":{"start":{"line":243,"column":2},"end":{"line":250,"column":3}},"119":{"start":{"line":247,"column":4},"end":{"line":249,"column":6}},"120":{"start":{"line":248,"column":6},"end":{"line":248,"column":54}},"121":{"start":{"line":252,"column":2},"end":{"line":252,"column":13}},"122":{"start":{"line":255,"column":0},"end":{"line":255,"column":32}}},"branchMap":{"1":{"line":29,"type":"binary-expr","locations":[{"start":{"line":29,"column":11},"end":{"line":29,"column":18}},{"start":{"line":29,"column":22},"end":{"line":29,"column":35}}]},"2":{"line":37,"type":"if","locations":[{"start":{"line":37,"column":4},"end":{"line":37,"column":4}},{"start":{"line":37,"column":4},"end":{"line":37,"column":4}}]},"3":{"line":59,"type":"binary-expr","locations":[{"start":{"line":59,"column":15},"end":{"line":59,"column":22}},{"start":{"line":59,"column":26},"end":{"line":59,"column":28}}]},"4":{"line":141,"type":"if","locations":[{"start":{"line":141,"column":6},"end":{"line":141,"column":6}},{"start":{"line":141,"column":6},"end":{"line":141,"column":6}}]},"5":{"line":141,"type":"binary-expr","locations":[{"start":{"line":141,"column":10},"end":{"line":141,"column":40}},{"start":{"line":141,"column":44},"end":{"line":141,"column":73}}]},"6":{"line":151,"type":"if","locations":[{"start":{"line":151,"column":6},"end":{"line":151,"column":6}},{"start":{"line":151,"column":6},"end":{"line":151,"column":6}}]},"7":{"line":151,"type":"binary-expr","locations":[{"start":{"line":151,"column":10},"end":{"line":151,"column":40}},{"start":{"line":151,"column":44},"end":{"line":151,"column":73}}]},"8":{"line":179,"type":"binary-expr","locations":[{"start":{"line":179,"column":35},"end":{"line":179,"column":39}},{"start":{"line":179,"column":43},"end":{"line":179,"column":46}}]},"9":{"line":183,"type":"binary-expr","locations":[{"start":{"line":183,"column":36},"end":{"line":183,"column":40}},{"start":{"line":183,"column":44},"end":{"line":183,"column":47}}]},"10":{"line":207,"type":"binary-expr","locations":[{"start":{"line":207,"column":30},"end":{"line":207,"column":34}},{"start":{"line":207,"column":38},"end":{"line":207,"column":41}}]},"11":{"line":212,"type":"binary-expr","locations":[{"start":{"line":212,"column":38},"end":{"line":212,"column":42}},{"start":{"line":212,"column":46},"end":{"line":212,"column":49}}]},"12":{"line":243,"type":"if","locations":[{"start":{"line":243,"column":2},"end":{"line":243,"column":2}},{"start":{"line":243,"column":2},"end":{"line":243,"column":2}}]}},"code":["/* eslint no-param-reassign:0 */","","'use strict';","","var util = require('util');","var pathUtil = require('path');","var append = require('./append');","var dir = require('./dir');","var file = require('./file');","var find = require('./find');","var inspect = require('./inspect');","var inspectTree = require('./inspect_tree');","var copy = require('./copy');","var exists = require('./exists');","var list = require('./list');","var move = require('./move');","var read = require('./read');","var remove = require('./remove');","var rename = require('./rename');","var symlink = require('./symlink');","var streams = require('./streams');","var write = require('./write');","","// The Jetpack Context object.","// It provides the public API, and resolves all paths regarding to","// passed cwdPath, or default process.cwd() if cwdPath was not specified.","var jetpackContext = function (cwdPath) {","  var getCwdPath = function () {","    return cwdPath || process.cwd();","  };","","  var cwd = function () {","    var args;","    var pathParts;","","    // return current CWD if no arguments specified...","    if (arguments.length === 0) {","      return getCwdPath();","    }","","    // ...create new CWD context otherwise","    args = Array.prototype.slice.call(arguments);","    pathParts = [getCwdPath()].concat(args);","    return jetpackContext(pathUtil.resolve.apply(null, pathParts));","  };","","  // resolves path to inner CWD path of this jetpack instance","  var resolvePath = function (path) {","    return pathUtil.resolve(getCwdPath(), path);","  };","","  var getPath = function () {","    // add CWD base path as first element of arguments array","    Array.prototype.unshift.call(arguments, getCwdPath());","    return pathUtil.resolve.apply(null, arguments);","  };","","  var normalizeOptions = function (options) {","    var opts = options || {};","    opts.cwd = getCwdPath();","    return opts;","  };","","  // API","","  var api = {","    cwd: cwd,","    path: getPath,","","    append: function (path, data, options) {","      append.validateInput('append', path, data, options);","      append.sync(resolvePath(path), data, options);","    },","    appendAsync: function (path, data, options) {","      append.validateInput('appendAsync', path, data, options);","      return append.async(resolvePath(path), data, options);","    },","","    copy: function (from, to, options) {","      copy.validateInput('copy', from, to, options);","      copy.sync(resolvePath(from), resolvePath(to), options);","    },","    copyAsync: function (from, to, options) {","      copy.validateInput('copyAsync', from, to, options);","      return copy.async(resolvePath(from), resolvePath(to), options);","    },","","    createWriteStream: function (path, options) {","      return streams.createWriteStream(resolvePath(path), options);","    },","    createReadStream: function (path, options) {","      return streams.createReadStream(resolvePath(path), options);","    },","","    dir: function (path, criteria) {","      var normalizedPath;","      dir.validateInput('dir', path, criteria);","      normalizedPath = resolvePath(path);","      dir.sync(normalizedPath, criteria);","      return cwd(normalizedPath);","    },","    dirAsync: function (path, criteria) {","      dir.validateInput('dirAsync', path, criteria);","      return new Promise(function (resolve, reject) {","        var normalizedPath = resolvePath(path);","        dir.async(normalizedPath, criteria)","        .then(function () {","          resolve(cwd(normalizedPath));","        }, reject);","      });","    },","","    exists: function (path) {","      exists.validateInput('exists', path);","      return exists.sync(resolvePath(path));","    },","    existsAsync: function (path) {","      exists.validateInput('existsAsync', path);","      return exists.async(resolvePath(path));","    },","","    file: function (path, criteria) {","      file.validateInput('file', path, criteria);","      file.sync(resolvePath(path), criteria);","      return this;","    },","    fileAsync: function (path, criteria) {","      var that = this;","      file.validateInput('fileAsync', path, criteria);","      return new Promise(function (resolve, reject) {","        file.async(resolvePath(path), criteria)","        .then(function () {","          resolve(that);","        }, reject);","      });","    },","","    find: function (startPath, options) {","      // startPath is optional parameter, if not specified move rest of params","      // to proper places and default startPath to CWD.","      if (typeof options === 'undefined' && typeof startPath === 'object') {","        options = startPath;","        startPath = '.';","      }","      find.validateInput('find', startPath, options);","      return find.sync(resolvePath(startPath), normalizeOptions(options));","    },","    findAsync: function (startPath, options) {","      // startPath is optional parameter, if not specified move rest of params","      // to proper places and default startPath to CWD.","      if (typeof options === 'undefined' && typeof startPath === 'object') {","        options = startPath;","        startPath = '.';","      }","      find.validateInput('findAsync', startPath, options);","      return find.async(resolvePath(startPath), normalizeOptions(options));","    },","","    inspect: function (path, fieldsToInclude) {","      inspect.validateInput('inspect', path, fieldsToInclude);","      return inspect.sync(resolvePath(path), fieldsToInclude);","    },","    inspectAsync: function (path, fieldsToInclude) {","      inspect.validateInput('inspectAsync', path, fieldsToInclude);","      return inspect.async(resolvePath(path), fieldsToInclude);","    },","","    inspectTree: function (path, options) {","      inspectTree.validateInput('inspectTree', path, options);","      return inspectTree.sync(resolvePath(path), options);","    },","    inspectTreeAsync: function (path, options) {","      inspectTree.validateInput('inspectTreeAsync', path, options);","      return inspectTree.async(resolvePath(path), options);","    },","","    list: function (path) {","      list.validateInput('list', path);","      return list.sync(resolvePath(path || '.'));","    },","    listAsync: function (path) {","      list.validateInput('listAsync', path);","      return list.async(resolvePath(path || '.'));","    },","","    move: function (from, to) {","      move.validateInput('move', from, to);","      move.sync(resolvePath(from), resolvePath(to));","    },","    moveAsync: function (from, to) {","      move.validateInput('moveAsync', from, to);","      return move.async(resolvePath(from), resolvePath(to));","    },","","    read: function (path, returnAs) {","      read.validateInput('read', path, returnAs);","      return read.sync(resolvePath(path), returnAs);","    },","    readAsync: function (path, returnAs) {","      read.validateInput('readAsync', path, returnAs);","      return read.async(resolvePath(path), returnAs);","    },","","    remove: function (path) {","      remove.validateInput('remove', path);","      // If path not specified defaults to CWD","      remove.sync(resolvePath(path || '.'));","    },","    removeAsync: function (path) {","      remove.validateInput('removeAsync', path);","      // If path not specified defaults to CWD","      return remove.async(resolvePath(path || '.'));","    },","","    rename: function (path, newName) {","      rename.validateInput('rename', path, newName);","      rename.sync(resolvePath(path), newName);","    },","    renameAsync: function (path, newName) {","      rename.validateInput('renameAsync', path, newName);","      return rename.async(resolvePath(path), newName);","    },","","    symlink: function (symlinkValue, path) {","      symlink.validateInput('symlink', symlinkValue, path);","      symlink.sync(symlinkValue, resolvePath(path));","    },","    symlinkAsync: function (symlinkValue, path) {","      symlink.validateInput('symlinkAsync', symlinkValue, path);","      return symlink.async(symlinkValue, resolvePath(path));","    },","","    write: function (path, data, options) {","      write.validateInput('write', path, data, options);","      write.sync(resolvePath(path), data, options);","    },","    writeAsync: function (path, data, options) {","      write.validateInput('writeAsync', path, data, options);","      return write.async(resolvePath(path), data, options);","    }","  };","","  if (util.inspect.custom !== undefined) {","    // Without this console.log(jetpack) throws obscure error. Details:","    // https://github.com/szwacz/fs-jetpack/issues/29","    // https://nodejs.org/api/util.html#util_custom_inspection_functions_on_objects","    api[util.inspect.custom] = function () {","      return '[fs-jetpack CWD: ' + getCwdPath() + ']';","    };","  }","","  return api;","};","","module.exports = jetpackContext;",""],"l":{"5":1,"6":1,"7":1,"8":1,"9":1,"10":1,"11":1,"12":1,"13":1,"14":1,"15":1,"16":1,"17":1,"18":1,"19":1,"20":1,"21":1,"22":1,"27":1,"28":6,"29":20066,"32":6,"33":5,"34":5,"37":5,"38":0,"42":5,"43":5,"44":5,"48":6,"49":20058,"52":6,"54":3,"55":3,"58":6,"59":0,"60":0,"61":0,"66":6,"71":0,"72":0,"75":0,"76":0,"80":0,"81":0,"84":1,"85":1,"89":0,"92":0,"96":5,"97":5,"98":5,"99":5,"100":5,"103":0,"104":0,"105":0,"106":0,"108":0,"114":0,"115":0,"118":0,"119":0,"123":0,"124":0,"125":0,"128":20050,"129":20050,"130":20050,"131":20050,"133":20050,"141":0,"142":0,"143":0,"145":0,"146":0,"151":0,"152":0,"153":0,"155":0,"156":0,"160":0,"161":0,"164":0,"165":0,"169":0,"170":0,"173":0,"174":0,"178":0,"179":0,"182":0,"183":0,"187":0,"188":0,"191":0,"192":0,"196":0,"197":0,"200":0,"201":0,"205":0,"207":0,"210":1,"212":1,"216":0,"217":0,"220":0,"221":0,"225":0,"226":0,"229":0,"230":0,"234":0,"235":0,"238":0,"239":0,"243":6,"247":6,"248":0,"252":6,"255":1}},"/home/travis/build/npmtest/node-npmtest-fs-jetpack/node_modules/fs-jetpack/lib/append.js":{"path":"/home/travis/build/npmtest/node-npmtest-fs-jetpack/node_modules/fs-jetpack/lib/append.js","s":{"1":1,"2":1,"3":1,"4":1,"5":0,"6":0,"7":0,"8":0,"9":1,"10":0,"11":0,"12":0,"13":0,"14":0,"15":1,"16":0,"17":0,"18":0,"19":0,"20":0,"21":1,"22":1,"23":1},"b":{"1":[0,0],"2":[0,0]},"f":{"1":0,"2":0,"3":0,"4":0,"5":0},"fnMap":{"1":{"name":"(anonymous_1)","line":7,"loc":{"start":{"line":7,"column":20},"end":{"line":7,"column":63}}},"2":{"name":"(anonymous_2)","line":20,"loc":{"start":{"line":20,"column":17},"end":{"line":20,"column":48}}},"3":{"name":"(anonymous_3)","line":38,"loc":{"start":{"line":38,"column":18},"end":{"line":38,"column":49}}},"4":{"name":"(anonymous_4)","line":39,"loc":{"start":{"line":39,"column":21},"end":{"line":39,"column":48}}},"5":{"name":"(anonymous_5)","line":42,"loc":{"start":{"line":42,"column":11},"end":{"line":42,"column":26}}}},"statementMap":{"1":{"start":{"line":3,"column":0},"end":{"line":3,"column":31}},"2":{"start":{"line":4,"column":0},"end":{"line":4,"column":31}},"3":{"start":{"line":5,"column":0},"end":{"line":5,"column":43}},"4":{"start":{"line":7,"column":0},"end":{"line":14,"column":2}},"5":{"start":{"line":8,"column":2},"end":{"line":8,"column":63}},"6":{"start":{"line":9,"column":2},"end":{"line":9,"column":63}},"7":{"start":{"line":10,"column":2},"end":{"line":10,"column":73}},"8":{"start":{"line":11,"column":2},"end":{"line":13,"column":5}},"9":{"start":{"line":20,"column":0},"end":{"line":32,"column":2}},"10":{"start":{"line":21,"column":2},"end":{"line":31,"column":3}},"11":{"start":{"line":22,"column":4},"end":{"line":22,"column":43}},"12":{"start":{"line":24,"column":4},"end":{"line":30,"column":5}},"13":{"start":{"line":27,"column":6},"end":{"line":27,"column":38}},"14":{"start":{"line":29,"column":6},"end":{"line":29,"column":16}},"15":{"start":{"line":38,"column":0},"end":{"line":52,"column":2}},"16":{"start":{"line":39,"column":2},"end":{"line":51,"column":5}},"17":{"start":{"line":40,"column":4},"end":{"line":50,"column":7}},"18":{"start":{"line":43,"column":6},"end":{"line":49,"column":7}},"19":{"start":{"line":46,"column":8},"end":{"line":46,"column":63}},"20":{"start":{"line":48,"column":8},"end":{"line":48,"column":20}},"21":{"start":{"line":58,"column":0},"end":{"line":58,"column":38}},"22":{"start":{"line":59,"column":0},"end":{"line":59,"column":26}},"23":{"start":{"line":60,"column":0},"end":{"line":60,"column":28}}},"branchMap":{"1":{"
[...]
a) {","          data.push(a);","        }","      })","      .on('error', console.error)","      .on('end', function () {","        expectations(data);","        done();","      });","    });","  });","","","  describe(\"won't penetrate folder tree deeper than maxLevelsDeep option tells\", function () {","    var options = {","      maxLevelsDeep: 1","    };","","    var preparations = function () {","      fse.outputFileSync('a/a.txt', 'a');","      fse.outputFileSync('a/b/z1.txt', 'z1');","    };","","    var expectations = function (data) {","      expect(data).to.eql([","        {","          path: pathUtil.resolve('a'),","          item: {","            type: 'dir',","            name: 'a'","          }","        },","        {","          path: pathUtil.resolve('a', 'a.txt'),","          item: {","            type: 'file',","            name: 'a.txt',","            size: 1","          }","        },","        {","          path: pathUtil.resolve('a', 'b'),","          item: {","            type: 'dir',","            name: 'b'","          }","        }","      ]);","    };","","    it('sync', function () {","      var absoluteStartingPath = pathUtil.resolve('a');","      var data = [];","      preparations();","      walker.sync(absoluteStartingPath, options, function (path, item) {","        data.push({ path: path, item: item });","      });","      expectations(data);","    });","","    it('async', function (done) {","      var absoluteStartingPath = pathUtil.resolve('a');","      var data = [];","      var st;","      preparations();","      st = walker.stream(absoluteStartingPath, options)","      .on('readable', function () {","        var a = st.read();","        if (a) {","          data.push(a);","        }","      })","      .on('error', console.error)","      .on('end', function () {","        expectations(data);","        done();","      });","    });","  });","","  describe('will do fine with empty directory as entry point', function () {","    var preparations = function () {","      fse.mkdirsSync('abc');","    };","","    var expectations = function (data) {","      expect(data).to.eql([","        {","          path: pathUtil.resolve('abc'),","          item: {","            type: 'dir',","            name: 'abc'","          }","        }","      ]);","    };","","    it('sync', function () {","      var absoluteStartingPath = pathUtil.resolve('abc');","      var data = [];","      preparations();","      walker.sync(absoluteStartingPath, {}, function (path, item) {","        data.push({ path: path, item: item });","      });","      expectations(data);","    });","","    it('async', function (done) {","      var absoluteStartingPath = pathUtil.resolve('abc');","      var data = [];","      var st;","      preparations();","      st = walker.stream(absoluteStartingPath, {})","      .on('readable', function () {","        var a = st.read();","        if (a) {","          data.push(a);","        }","      })","      .on('error', console.error)","      .on('end', function () {","        expectations(data);","        done();","      });","    });","  });","","  describe('will do fine with file as entry point', function () {","    var preparations = function () {","      fse.outputFileSync('abc.txt', 'abc');","    };","","    var expectations = function (data) {","      expect(data).to.eql([","        {","          path: pathUtil.resolve('abc.txt'),","          item: {","            type: 'file',","            name: 'abc.txt',","            size: 3","          }","        }","      ]);","    };","","    it('sync', function () {","      var absoluteStartingPath = pathUtil.resolve('abc.txt');","      var data = [];","      preparations();","      walker.sync(absoluteStartingPath, {}, function (path, item) {","        data.push({ path: path, item: item });","      });","      expectations(data);","    });","","    it('async', function (done) {","      var absoluteStartingPath = pathUtil.resolve('abc.txt');","      var data = [];","      var st;","      preparations();","      st = walker.stream(absoluteStartingPath, {})","      .on('readable', function () {","        var a = st.read();","        if (a) {","          data.push(a);","        }","      })","      .on('error', console.error)","      .on('end', function () {","        expectations(data);","        done();","      });","    });","  });","","  describe('will do fine with nonexistent entry point', function () {","    var expectations = function (data) {","      expect(data).to.eql([","        {","          path: pathUtil.resolve('abc.txt'),","          item: undefined","        }","      ]);","    };","","    it('sync', function () {","      var absoluteStartingPath = pathUtil.resolve('abc.txt');","      var data = [];","      walker.sync(absoluteStartingPath, {}, function (path, item) {","        data.push({ path: path, item: item });","      });","      expectations(data);","    });","","    it('async', function (done) {","      var absoluteStartingPath = pathUtil.resolve('abc.txt');","      var data = [];","      var st;","      st = walker.stream(absoluteStartingPath, {})","      .on('readable', function () {","        var a = st.read();","        if (a) {","          data.push(a);","        }","      })","      .on('error', console.error)","      .on('end', function () {","        expectations(data);","        done();","      });","    });","  });","","  describe('supports inspect options', function () {","    var options = {","      inspectOptions: {","        checksum: 'md5'","      }","    };","","    var preparations = function () {","      fse.outputFileSync('abc/a.txt', 'a');","    };","","    var expectations = function (data) {","      expect(data).to.eql([","        {","          path: pathUtil.resolve('abc'),","          item: {","            type: 'dir',","            name: 'abc'","          }","        },","        {","          path: pathUtil.resolve('abc', 'a.txt'),","          item: {","            type: 'file',","            name: 'a.txt',","            size: 1,","            md5: '0cc175b9c0f1b6a831c399e269772661'","          }","        }","      ]);","    };","","    it('sync', function () {","      var absoluteStartingPath = pathUtil.resolve('abc');","      var data = [];","      preparations();","      walker.sync(absoluteStartingPath, options, function (path, item) {","        data.push({ path: path, item: item });","      });","      expectations(data);","    });","","    it('async', function (done) {","      var absoluteStartingPath = pathUtil.resolve('abc');","      var data = [];","      var st;","      preparations();","      st = walker.stream(absoluteStartingPath, options)","      .on('readable', function () {","        var a = st.read();","        if (a) {","          data.push(a);","        }","      })","      .on('error', console.error)","      .on('end', function () {","        expectations(data);","        done();","      });","    });","  });","});",""],"l":{"3":2,"4":0,"5":0,"6":0,"7":0,"9":0,"10":0,"11":0,"13":0,"14":0,"15":0,"16":0,"17":0,"18":0,"21":0,"22":0,"71":0,"72":0,"73":0,"74":0,"75":0,"76":0,"78":0,"81":0,"82":0,"83":0,"84":0,"85":0,"86":0,"88":0,"89":0,"90":0,"95":0,"96":0,"101":0,"102":0,"103":0,"104":0,"107":0,"108":0,"163":0,"164":0,"165":0,"166":0,"167":0,"168":0,"170":0,"173":0,"174":0,"175":0,"176":0,"177":0,"178":0,"180":0,"181":0,"182":0,"187":0,"188":0,"194":0,"195":0,"199":0,"200":0,"201":0,"204":0,"205":0,"231":0,"232":0,"233":0,"234":0,"235":0,"236":0,"238":0,"241":0,"242":0,"243":0,"244":0,"245":0,"246":0,"248":0,"249":0,"250":0,"255":0,"256":0,"261":0,"262":0,"263":0,"266":0,"267":0,"278":0,"279":0,"280":0,"281":0,"282":0,"283":0,"285":0,"288":0,"289":0,"290":0,"291":0,"292":0,"293":0,"295":0,"296":0,"297":0,"302":0,"303":0,"308":0,"309":0,"310":0,"313":0,"314":0,"326":0,"327":0,"328":0,"329":0,"330":0,"331":0,"333":0,"336":0,"337":0,"338":0,"339":0,"340":0,"341":0,"343":0,"344":0,"345":0,"350":0,"351":0,"356":0,"357":0,"358":0,"366":0,"367":0,"368":0,"369":0,"370":0,"372":0,"375":0,"376":0,"377":0,"378":0,"379":0,"381":0,"382":0,"383":0,"388":0,"389":0,"394":0,"395":0,"401":0,"402":0,"405":0,"406":0,"426":0,"427":0,"428":0,"429":0,"430":0,"431":0,"433":0,"436":0,"437":0,"438":0,"439":0,"440":0,"441":0,"443":0,"444":0,"445":0,"450":0,"451":0}},"/home/travis/build/npmtest/node-npmtest-fs-jetpack/node_modules/fs-jetpack/spec/utils/validate.spec.js":{"path":"/home/travis/build/npmtest/node-npmtest-fs-jetpack/node_modules/fs-jetpack/spec/utils/validate.spec.js","s":{"1":2,"2":0,"3":0,"4":0,"5":0,"6":0,"7":0,"8":0,"9":0,"10":0,"11":0,"12":0,"13":0,"14":0,"15":0,"16":0,"17":0,"18":0,"19":0,"20":0,"21":0,"22":0,"23":0,"24":0,"25":0,"26":0,"27":0,"28":0,"29":0,"30":0,"31":0,"32":0,"33":0,"34":0,"35":0,"36":0,"37":0,"38":0,"39":0,"40":0},"b":{},"f":{"1":0,"2":0,"3":0,"4":0,"5":0,"6":0,"7":0,"8":0,"9":0,"10":0,"11":0,"12":0,"13":0,"14":0,"15":0,"16":0,"17":0,"18":0,"19":0,"20":0,"21":0,"22":0,"23":0,"24":0,"25":0,"26":0},"fnMap":{"1":{"name":"(anonymous_1)","line":4,"loc":{"start":{"line":4,"column":26},"end":{"line":4,"column":38}}},"2":{"name":"(anonymous_2)","line":5,"loc":{"start":{"line":5,"column":52},"end":{"line":5,"column":64}}},"3":{"name":"(anonymous_3)","line":6,"loc":{"start":{"line":6,"column":34},"end":{"line":6,"column":46}}},"4":{"name":"(anonymous_4)","line":7,"loc":{"start":{"line":7,"column":13},"end":{"line":7,"column":25}}},"5":{"name":"(anonymous_5)","line":46,"loc":{"start":{"line":46,"column":13},"end":{"line":46,"column":29}}},"6":{"name":"(anonymous_6)","line":47,"loc":{"start":{"line":47,"column":60},"end":{"line":47,"column":72}}},"7":{"name":"(anonymous_7)","line":48,"loc":{"start":{"line":48,"column":15},"end":{"line":48,"column":27}}},"8":{"name":"(anonymous_8)","line":52,"loc":{"start":{"line":52,"column":15},"end":{"line":52,"column":27}}},"9":{"name":"(anonymous_9)","line":69,"loc":{"start":{"line":69,"column":13},"end":{"line":69,"column":29}}},"10":{"name":"(anonymous_10)","line":70,"loc":{"start":{"line":70,"column":48},"end":{"line":70,"column":60}}},"11":{"name":"(anonymous_11)","line":71,"loc":{"start":{"line":71,"column":15},"end":{"line":71,"column":27}}},"12":{"name":"(anonymous_12)","line":78,"loc":{"start":{"line":78,"column":46},"end":{"line":78,"column":58}}},"13":{"name":"(anonymous_13)","line":79,"loc":{"start":{"line":79,"column":13},"end":{"line":79,"column":25}}},"14":{"name":"(anonymous_14)","line":85,"loc":{"start":{"line":85,"column":40},"end":{"line":85,"column":52}}},"15":{"name":"(anonymous_15)","line":86,"loc":{"start":{"line":86,"column":13},"end":{"line":86,"column":25}}},"16":{"name":"(anonymous_16)","line":90,"loc":{"start":{"line":90,"column":13},"end":{"line":90,"column":25}}},"17":{"name":"(anonymous_17)","line":97,"loc":{"start":{"line":97,"column":39},"end":{"line":97,"column":51}}},"18":{"name":"(anonymous_18)","line":98,"loc":{"start":{"line":98,"column":44},"end":{"line":98,"column":56}}},"19":{"name":"(anonymous_19)","line":99,"loc":{"start":{"line":99,"column":13},"end":{"line":99,"column":25}}},"20":{"name":"(anonymous_20)","line":104,"loc":{"start":{"line":104,"column":58},"end":{"line":104,"column":70}}},"21":{"name":"(anonymous_21)","line":105,"loc":{"start":{"line":105,"column":13},"end":{"line":105,"column":25}}},"22":{"name":"(anonymous_22)","line":110,"loc":{"start":{"line":110,"column":52},"end":{"line":110,"column":64}}},"23":{"name":"(anonymous_23)","line":111,"loc":{"start":{"line":111,"column":13},"end":{"line":111,"column":25}}},"24":{"name":"(anonymous_24)","line":119,"loc":{"start":{"line":119,"column":27},"end":{"line":119,"column":39}}},"25":{"name":"(anonymous_25)","line":120,"loc":{"start":{"line":120,"column":13},"end":{"line":120,"column":25}}},"26":{"name":"(anonymous_26)","line":127,"loc":{"start":{"line":127,"column":13},"end":{"line":127,"column":25}}}},"statementMap":{"1":{"start":{"line":1,"column":0},"end":{"line":1,"column":36}},"2":{"start":{"line":2,"column":0},"end":{"line":2,"column":51}},"3":{"start":{"line":4,"column":0},"end":{"line":136,"column":3}},"4":{"start":{"line":5,"column":2},"end":{"line":95,"column":5}},"5":{"start":{"line":6,"column":4},"end":{"line":10,"column":7}},"6":{"start":{"line":7,"column":6},"end":{"line":9,"column":40}},"7":{"start":{"line":8,"column":8},"end":{"line":8,"column":63}},"8":{"start":{"line":12,"column":4},"end":{"line":57,"column":7}},"9":{"start":{"line":47,"column":6},"end":{"line":56,"column":9}},"10":{"start":{"line":48,"column":8},"end":{"line":50,"column":26}},"11":{"start":{"line":49,"column":10},"end":{"line":49,"column":80}},"12":{"start":{"line":52,"column":8},"end":{"line":55,"column":67}},"13":{"start":{"line":53,"column":10},"end":{"line":53,"column":81}},"14":{"start":{"line":59,"column":4},"end":{"line":76,"column":7}},"15":{"start":{"line":70,"column":6},"end":{"line":75,"column":9}},"16":{"start":{"line":71,"column":8},"end":{"line":74,"column":53}},"17":{"start":{"line":72,"column":10},"end":{"line":72,"column":78}},"18":{"start":{"line":78,"column":4},"end":{"line":83,"column":7}},"19":{"start":{"line":79,"column":6},"end":{"line":82,"column":56}},"20":{"start":{"line":80,"column":8},"end":{"line":80,"column":86}},"21":{"start":{"line":85,"column":4},"end":{"line":94,"column":7}},"22":{"start":{"line":86,"column":6},"end":{"line":88,"column":24}},"23":{"start":{"line":87,"column":8},"end":{"line":87,"column":81}},"24":{"start":{"line":90,"column":6},"end":{"line":93,"column":47}},"25":{"start":{"line":91,"column":8},"end":{"line":91,"column":83}},"26":{"start":{"line":97,"column":2},"end":{"line":135,"column":5}},"27":{"start":{"line":98,"column":4},"end":{"line":102,"column":7}},"28":{"start":{"line":99,"column":6},"end":{"line":101,"column":24}},"29":{"start":{"line":100,"column":8},"end":{"line":100,"column":84}},"30":{"start":{"line":104,"column":4},"end":{"line":108,"column":7}},"31":{"start":{"line":105,"column":6},"end":{"line":107,"column":24}},"32":{"start":{"line":106,"column":8},"end":{"line":106,"column":77}},"33":{"start":{"line":110,"column":4},"end":{"line":117,"column":7}},"34":{"start":{"line":111,"column":6},"end":{"line":116,"column":75}},"35":{"start":{"line":112,"column":8},"end":{"line":115,"column":10}},"36":{"start":{"line":119,"column":4},"end":{"line":134,"column":7}},"37":{"start":{"line":120,"column":6},"end":{"line":125,"column":24}},"38":{"start":{"line":121,"column":8},"end":{"line":124,"column":10}},"39":{"start":{"line":127,"column":6},"end":{"line":133,"column":40}},"40":{"start":{"line":128,"column":8},"end":{"line":131,"column":10}}},"branchMap":{},"code":["var expect = require('chai').expect;","var validate = require('../../lib/utils/validate');","","describe('util validate', function () {","  describe('validates arguments passed to methods', function () {","    it('validates its own input', function () {","      expect(function () {","        validate.argument('foo(thing)', 'thing', 123, ['foo']);","      }).to.throw('Unknown type \"foo\"');","    });","","    [","      {","        type: 'string', article: 'a', goodValue: 'abc',","        wrongValue: 123, wrongValueType: 'number'","      },","      {","        type: 'number', article: 'a', goodValue: 123,","        wrongValue: 'abc', wrongValueType: 'string'","      },","      {","        type: 'boolean', article: 'a', goodValue: true,","        wrongValue: 'abc', wrongValueType: 'string'","      },","      {","        type: 'array', article: 'an', goodValue: [],","        wrongValue: {}, wrongValueType: 'object'","      },","      {","        type: 'object', article: 'an', goodValue: {},","        wrongValue: [], wrongValueType: 'array'","      },","      {","        type: 'buffer', article: 'a', goodValue: new Buffer(1),","        wrongValue: 123, wrongValueType: 'number'","      },","      {","        type: 'null', article: 'a', goodValue: null,","        wrongValue: 123, wrongValueType: 'number'","      },","      {","        type: 'undefined', article: 'an', goodValue: undefined,","        wrongValue: 123, wrongValueType: 'number'","      }","    ]","    .forEach(function (test) {","      it('validates that given thing is a(n) ' + test.type, function () {","        expect(function () {","          validate.argument('foo(thing)', 'thing', test.goodValue, [test.type]);","        }).not.to.throw();","","        expect(function () {","          validate.argument('foo(thing)', 'thing', test.wrongValue, [test.type]);","        }).to.throw('Argument \"thing\" passed to foo(thing) must be ' + test.article","          + ' ' + test.type + '. Received ' + test.wrongValueType);","      });","    });","","    [","      { type: 'string', value: 'abc', expect: 'number' },","      { type: 'number', value: 123, expect: 'string' },","      { type: 'boolean', value: true, expect: 'number' },","      { type: 'array', value: [], expect: 'number' },","      { type: 'object', value: {}, expect: 'number' },","      { type: 'buffer', value: new Buffer(1), expect: 'number' },","      { type: 'null', value: null, expect: 'number' },","      { type: 'undefined', value: undefined, expect: 'number' }","    ]","    .forEach(function (test) {","      it('can detect wrong type: ' + test.type, function () {","        expect(function () {","          validate.argument('foo(thing)', 'thing', test.value, [test.expect]);","        }).to.throw('Argument \"thing\" passed to foo(thing) must be a '","          + test.expect + '. Received ' + test.type);","      });","    });","","    it('supports more than one allowed type', function () {","      expect(function () {","        validate.argument('foo(thing)', 'thing', {}, ['string', 'number', 'boolean']);","      }).to.throw('Argument \"thing\" passed to foo(thing) must be a string'","        + ' or a number or a boolean. Received object');","    });","","    it('validates array internal data', function () {","      expect(function () {","        validate.argument('foo(thing)', 'thing', [1, 2, 3], ['array of number']);","      }).not.to.throw();","","      expect(function () {","        validate.argument('foo(thing)', 'thing', [1, 2, 'a'], ['array of number']);","      }).to.throw('Argument \"thing\" passed to foo(thing) must be an array of number.'","        + ' Received array of number, string');","    });","  });","","  describe('validates options object', function () {","    it('options object might be undefined', function () {","      expect(function () {","        validate.options('foo(options)', 'options', undefined, { foo: ['string'] });","      }).not.to.throw();","    });","","    it('option key in options object is optional (doh!)', function () {","      expect(function () {","        validate.options('foo(options)', 'options', {}, { foo: ['string'] });","      }).not.to.throw();","    });","","    it('throws if option key definition not found', function () {","      expect(function () {","        validate.options('foo(options)', 'options',","          { bar: 123 },","          { foo: ['string'] }","        );","      }).to.throw('Unknown argument \"options.bar\" passed to foo(options)');","    });","","    it('validates option', function () {","      expect(function () {","        validate.options('foo(options)', 'options',","          { foo: 'abc' },","          { foo: ['string'] }","        );","      }).not.to.throw();","","      expect(function () {","        validate.options('foo(options)', 'options',","          { foo: 123 },","          { foo: ['string'] }","        );","      }).to.throw('Argument \"options.foo\" passed to foo(options) must be'","        + ' a string. Received number');","    });","  });","});",""],"l":{"1":2,"2":0,"4":0,"5":0,"6":0,"7":0,"8":0,"12":0,"47":0,"48":0,"49":0,"52":0,"53":0,"59":0,"70":0,"71":0,"72":0,"78":0,"79":0,"80":0,"85":0,"86":0,"87":0,"90":0,"91":0,"97":0,"98":0,"99":0,"100":0,"104":0,"105":0,"106":0,"110":0,"111":0,"112":0,"119":0,"120":0,"121":0,"127":0,"128":0}}}